2020-12-31 at 16:24:18 CST INFO  org.jingjing.action.search.Baidu 18 search - google
2020-12-31 at 16:24:18 CST INFO  org.jingjing.action.search.Baidu 26 search - C:\Program Files (x86)\Google\Chrome\Application\chrome.exe www.baidu.com/s?wd=app
2020-12-31 at 16:24:18 CST ERROR org.jingjing.action.search.Baidu 29 search - java.io.IOException: Cannot run program "C:\Program": CreateProcess error=2, 系统找不到指定的文件。
	at java.lang.ProcessBuilder.start(ProcessBuilder.java:1048) ~[?:1.8.0_261]
	at java.lang.Runtime.exec(Runtime.java:621) ~[?:1.8.0_261]
	at java.lang.Runtime.exec(Runtime.java:451) ~[?:1.8.0_261]
	at java.lang.Runtime.exec(Runtime.java:348) ~[?:1.8.0_261]
	at org.jingjing.action.search.Baidu.search(Baidu.java:27) [classes/:?]
	at org.jingjing.window.MainWindow$1.actionPerformed(MainWindow.java:31) [classes/:?]
	at javax.swing.AbstractButton.fireActionPerformed(AbstractButton.java:2022) [?:1.8.0_261]
	at javax.swing.AbstractButton$Handler.actionPerformed(AbstractButton.java:2348) [?:1.8.0_261]
	at javax.swing.DefaultButtonModel.fireActionPerformed(DefaultButtonModel.java:402) [?:1.8.0_261]
	at javax.swing.DefaultButtonModel.setPressed(DefaultButtonModel.java:259) [?:1.8.0_261]
	at javax.swing.plaf.basic.BasicButtonListener.mouseReleased(BasicButtonListener.java:252) [?:1.8.0_261]
	at java.awt.Component.processMouseEvent(Component.java:6539) [?:1.8.0_261]
	at javax.swing.JComponent.processMouseEvent(JComponent.java:3324) [?:1.8.0_261]
	at java.awt.Component.processEvent(Component.java:6304) [?:1.8.0_261]
	at java.awt.Container.processEvent(Container.java:2239) [?:1.8.0_261]
	at java.awt.Component.dispatchEventImpl(Component.java:4889) [?:1.8.0_261]
	at java.awt.Container.dispatchEventImpl(Container.java:2297) [?:1.8.0_261]
	at java.awt.Component.dispatchEvent(Component.java:4711) [?:1.8.0_261]
	at java.awt.LightweightDispatcher.retargetMouseEvent(Container.java:4904) [?:1.8.0_261]
	at java.awt.LightweightDispatcher.processMouseEvent(Container.java:4535) [?:1.8.0_261]
	at java.awt.LightweightDispatcher.dispatchEvent(Container.java:4476) [?:1.8.0_261]
	at java.awt.Container.dispatchEventImpl(Container.java:2283) [?:1.8.0_261]
	at java.awt.Window.dispatchEventImpl(Window.java:2746) [?:1.8.0_261]
	at java.awt.Component.dispatchEvent(Component.java:4711) [?:1.8.0_261]
	at java.awt.EventQueue.dispatchEventImpl(EventQueue.java:760) [?:1.8.0_261]
	at java.awt.EventQueue.access$500(EventQueue.java:97) [?:1.8.0_261]
	at java.awt.EventQueue$3.run(EventQueue.java:709) [?:1.8.0_261]
	at java.awt.EventQueue$3.run(EventQueue.java:703) [?:1.8.0_261]
	at java.security.AccessController.doPrivileged(Native Method) ~[?:1.8.0_261]
	at java.security.ProtectionDomain$JavaSecurityAccessImpl.doIntersectionPrivilege(ProtectionDomain.java:74) [?:1.8.0_261]
	at java.security.ProtectionDomain$JavaSecurityAccessImpl.doIntersectionPrivilege(ProtectionDomain.java:84) [?:1.8.0_261]
	at java.awt.EventQueue$4.run(EventQueue.java:733) [?:1.8.0_261]
	at java.awt.EventQueue$4.run(EventQueue.java:731) [?:1.8.0_261]
	at java.security.AccessController.doPrivileged(Native Method) ~[?:1.8.0_261]
	at java.security.ProtectionDomain$JavaSecurityAccessImpl.doIntersectionPrivilege(ProtectionDomain.java:74) [?:1.8.0_261]
	at java.awt.EventQueue.dispatchEvent(EventQueue.java:730) [?:1.8.0_261]
	at java.awt.EventDispatchThread.pumpOneEventForFilters(EventDispatchThread.java:205) [?:1.8.0_261]
	at java.awt.EventDispatchThread.pumpEventsForFilter(EventDispatchThread.java:116) [?:1.8.0_261]
	at java.awt.EventDispatchThread.pumpEventsForHierarchy(EventDispatchThread.java:105) [?:1.8.0_261]
	at java.awt.EventDispatchThread.pumpEvents(EventDispatchThread.java:101) [?:1.8.0_261]
	at java.awt.EventDispatchThread.pumpEvents(EventDispatchThread.java:93) [?:1.8.0_261]
	at java.awt.EventDispatchThread.run(EventDispatchThread.java:82) [?:1.8.0_261]
Caused by: java.io.IOException: CreateProcess error=2, 系统找不到指定的文件。
	at java.lang.ProcessImpl.create(Native Method) ~[?:1.8.0_261]
	at java.lang.ProcessImpl.<init>(ProcessImpl.java:444) ~[?:1.8.0_261]
	at java.lang.ProcessImpl.start(ProcessImpl.java:140) ~[?:1.8.0_261]
	at java.lang.ProcessBuilder.start(ProcessBuilder.java:1029) ~[?:1.8.0_261]
	... 41 more

2020-12-31 at 16:29:04 CST INFO  org.jingjing.action.search.Baidu 18 search - google
2020-12-31 at 16:29:04 CST INFO  org.jingjing.action.search.Baidu 26 search - C:\Program Files (x86)\Google\Chrome\Application\chrome.exe www.baidu.com/s?wd=Runtime.getRuntime().exec(
2020-12-31 at 16:29:04 CST ERROR org.jingjing.action.search.Baidu 29 search - java.io.IOException: Cannot run program "C:\Program": CreateProcess error=2, 系统找不到指定的文件。
	at java.lang.ProcessBuilder.start(ProcessBuilder.java:1048) ~[?:1.8.0_261]
	at java.lang.Runtime.exec(Runtime.java:621) ~[?:1.8.0_261]
	at java.lang.Runtime.exec(Runtime.java:451) ~[?:1.8.0_261]
	at java.lang.Runtime.exec(Runtime.java:348) ~[?:1.8.0_261]
	at org.jingjing.action.search.Baidu.search(Baidu.java:27) [classes/:?]
	at org.jingjing.window.MainWindow$1.actionPerformed(MainWindow.java:31) [classes/:?]
	at javax.swing.AbstractButton.fireActionPerformed(AbstractButton.java:2022) [?:1.8.0_261]
	at javax.swing.AbstractButton$Handler.actionPerformed(AbstractButton.java:2348) [?:1.8.0_261]
	at javax.swing.DefaultButtonModel.fireActionPerformed(DefaultButtonModel.java:402) [?:1.8.0_261]
	at javax.swing.DefaultButtonModel.setPressed(DefaultButtonModel.java:259) [?:1.8.0_261]
	at javax.swing.plaf.basic.BasicButtonListener.mouseReleased(BasicButtonListener.java:252) [?:1.8.0_261]
	at java.awt.Component.processMouseEvent(Component.java:6539) [?:1.8.0_261]
	at javax.swing.JComponent.processMouseEvent(JComponent.java:3324) [?:1.8.0_261]
	at java.awt.Component.processEvent(Component.java:6304) [?:1.8.0_261]
	at java.awt.Container.processEvent(Container.java:2239) [?:1.8.0_261]
	at java.awt.Component.dispatchEventImpl(Component.java:4889) [?:1.8.0_261]
	at java.awt.Container.dispatchEventImpl(Container.java:2297) [?:1.8.0_261]
	at java.awt.Component.dispatchEvent(Component.java:4711) [?:1.8.0_261]
	at java.awt.LightweightDispatcher.retargetMouseEvent(Container.java:4904) [?:1.8.0_261]
	at java.awt.LightweightDispatcher.processMouseEvent(Container.java:4535) [?:1.8.0_261]
	at java.awt.LightweightDispatcher.dispatchEvent(Container.java:4476) [?:1.8.0_261]
	at java.awt.Container.dispatchEventImpl(Container.java:2283) [?:1.8.0_261]
	at java.awt.Window.dispatchEventImpl(Window.java:2746) [?:1.8.0_261]
	at java.awt.Component.dispatchEvent(Component.java:4711) [?:1.8.0_261]
	at java.awt.EventQueue.dispatchEventImpl(EventQueue.java:760) [?:1.8.0_261]
	at java.awt.EventQueue.access$500(EventQueue.java:97) [?:1.8.0_261]
	at java.awt.EventQueue$3.run(EventQueue.java:709) [?:1.8.0_261]
	at java.awt.EventQueue$3.run(EventQueue.java:703) [?:1.8.0_261]
	at java.security.AccessController.doPrivileged(Native Method) ~[?:1.8.0_261]
	at java.security.ProtectionDomain$JavaSecurityAccessImpl.doIntersectionPrivilege(ProtectionDomain.java:74) [?:1.8.0_261]
	at java.security.ProtectionDomain$JavaSecurityAccessImpl.doIntersectionPrivilege(ProtectionDomain.java:84) [?:1.8.0_261]
	at java.awt.EventQueue$4.run(EventQueue.java:733) [?:1.8.0_261]
	at java.awt.EventQueue$4.run(EventQueue.java:731) [?:1.8.0_261]
	at java.security.AccessController.doPrivileged(Native Method) ~[?:1.8.0_261]
	at java.security.ProtectionDomain$JavaSecurityAccessImpl.doIntersectionPrivilege(ProtectionDomain.java:74) [?:1.8.0_261]
	at java.awt.EventQueue.dispatchEvent(EventQueue.java:730) [?:1.8.0_261]
	at java.awt.EventDispatchThread.pumpOneEventForFilters(EventDispatchThread.java:205) [?:1.8.0_261]
	at java.awt.EventDispatchThread.pumpEventsForFilter(EventDispatchThread.java:116) [?:1.8.0_261]
	at java.awt.EventDispatchThread.pumpEventsForHierarchy(EventDispatchThread.java:105) [?:1.8.0_261]
	at java.awt.EventDispatchThread.pumpEvents(EventDispatchThread.java:101) [?:1.8.0_261]
	at java.awt.EventDispatchThread.pumpEvents(EventDispatchThread.java:93) [?:1.8.0_261]
	at java.awt.EventDispatchThread.run(EventDispatchThread.java:82) [?:1.8.0_261]
Caused by: java.io.IOException: CreateProcess error=2, 系统找不到指定的文件。
	at java.lang.ProcessImpl.create(Native Method) ~[?:1.8.0_261]
	at java.lang.ProcessImpl.<init>(ProcessImpl.java:444) ~[?:1.8.0_261]
	at java.lang.ProcessImpl.start(ProcessImpl.java:140) ~[?:1.8.0_261]
	at java.lang.ProcessBuilder.start(ProcessBuilder.java:1029) ~[?:1.8.0_261]
	... 41 more

2020-12-31 at 16:31:16 CST INFO  org.jingjing.action.search.Baidu 18 search - google
2020-12-31 at 16:31:16 CST INFO  org.jingjing.action.search.Baidu 26 search - C:\Program" "Files" "(x86)\Google\Chrome\Application\chrome.exe www.baidu.com/s?wd=replaceAll(" ", "\" \"")
2020-12-31 at 16:31:16 CST ERROR org.jingjing.action.search.Baidu 29 search - java.io.IOException: Cannot run program "C:\Program"": CreateProcess error=2, 系统找不到指定的文件。
	at java.lang.ProcessBuilder.start(ProcessBuilder.java:1048) ~[?:1.8.0_261]
	at java.lang.Runtime.exec(Runtime.java:621) ~[?:1.8.0_261]
	at java.lang.Runtime.exec(Runtime.java:451) ~[?:1.8.0_261]
	at java.lang.Runtime.exec(Runtime.java:348) ~[?:1.8.0_261]
	at org.jingjing.action.search.Baidu.search(Baidu.java:27) [classes/:?]
	at org.jingjing.window.MainWindow$1.actionPerformed(MainWindow.java:31) [classes/:?]
	at javax.swing.AbstractButton.fireActionPerformed(AbstractButton.java:2022) [?:1.8.0_261]
	at javax.swing.AbstractButton$Handler.actionPerformed(AbstractButton.java:2348) [?:1.8.0_261]
	at javax.swing.DefaultButtonModel.fireActionPerformed(DefaultButtonModel.java:402) [?:1.8.0_261]
	at javax.swing.DefaultButtonModel.setPressed(DefaultButtonModel.java:259) [?:1.8.0_261]
	at javax.swing.plaf.basic.BasicButtonListener.mouseReleased(BasicButtonListener.java:252) [?:1.8.0_261]
	at java.awt.Component.processMouseEvent(Component.java:6539) [?:1.8.0_261]
	at javax.swing.JComponent.processMouseEvent(JComponent.java:3324) [?:1.8.0_261]
	at java.awt.Component.processEvent(Component.java:6304) [?:1.8.0_261]
	at java.awt.Container.processEvent(Container.java:2239) [?:1.8.0_261]
	at java.awt.Component.dispatchEventImpl(Component.java:4889) [?:1.8.0_261]
	at java.awt.Container.dispatchEventImpl(Container.java:2297) [?:1.8.0_261]
	at java.awt.Component.dispatchEvent(Component.java:4711) [?:1.8.0_261]
	at java.awt.LightweightDispatcher.retargetMouseEvent(Container.java:4904) [?:1.8.0_261]
	at java.awt.LightweightDispatcher.processMouseEvent(Container.java:4535) [?:1.8.0_261]
	at java.awt.LightweightDispatcher.dispatchEvent(Container.java:4476) [?:1.8.0_261]
	at java.awt.Container.dispatchEventImpl(Container.java:2283) [?:1.8.0_261]
	at java.awt.Window.dispatchEventImpl(Window.java:2746) [?:1.8.0_261]
	at java.awt.Component.dispatchEvent(Component.java:4711) [?:1.8.0_261]
	at java.awt.EventQueue.dispatchEventImpl(EventQueue.java:760) [?:1.8.0_261]
	at java.awt.EventQueue.access$500(EventQueue.java:97) [?:1.8.0_261]
	at java.awt.EventQueue$3.run(EventQueue.java:709) [?:1.8.0_261]
	at java.awt.EventQueue$3.run(EventQueue.java:703) [?:1.8.0_261]
	at java.security.AccessController.doPrivileged(Native Method) ~[?:1.8.0_261]
	at java.security.ProtectionDomain$JavaSecurityAccessImpl.doIntersectionPrivilege(ProtectionDomain.java:74) [?:1.8.0_261]
	at java.security.ProtectionDomain$JavaSecurityAccessImpl.doIntersectionPrivilege(ProtectionDomain.java:84) [?:1.8.0_261]
	at java.awt.EventQueue$4.run(EventQueue.java:733) [?:1.8.0_261]
	at java.awt.EventQueue$4.run(EventQueue.java:731) [?:1.8.0_261]
	at java.security.AccessController.doPrivileged(Native Method) ~[?:1.8.0_261]
	at java.security.ProtectionDomain$JavaSecurityAccessImpl.doIntersectionPrivilege(ProtectionDomain.java:74) [?:1.8.0_261]
	at java.awt.EventQueue.dispatchEvent(EventQueue.java:730) [?:1.8.0_261]
	at java.awt.EventDispatchThread.pumpOneEventForFilters(EventDispatchThread.java:205) [?:1.8.0_261]
	at java.awt.EventDispatchThread.pumpEventsForFilter(EventDispatchThread.java:116) [?:1.8.0_261]
	at java.awt.EventDispatchThread.pumpEventsForHierarchy(EventDispatchThread.java:105) [?:1.8.0_261]
	at java.awt.EventDispatchThread.pumpEvents(EventDispatchThread.java:101) [?:1.8.0_261]
	at java.awt.EventDispatchThread.pumpEvents(EventDispatchThread.java:93) [?:1.8.0_261]
	at java.awt.EventDispatchThread.run(EventDispatchThread.java:82) [?:1.8.0_261]
Caused by: java.io.IOException: CreateProcess error=2, 系统找不到指定的文件。
	at java.lang.ProcessImpl.create(Native Method) ~[?:1.8.0_261]
	at java.lang.ProcessImpl.<init>(ProcessImpl.java:444) ~[?:1.8.0_261]
	at java.lang.ProcessImpl.start(ProcessImpl.java:140) ~[?:1.8.0_261]
	at java.lang.ProcessBuilder.start(ProcessBuilder.java:1029) ~[?:1.8.0_261]
	... 41 more

2020-12-31 at 16:34:24 CST INFO  org.jingjing.action.search.Baidu 18 search - google
2020-12-31 at 16:34:24 CST ERROR org.jingjing.action.search.Baidu 29 search - java.io.IOException: Cannot run program "C:\Program": CreateProcess error=2, 系统找不到指定的文件。
	at java.lang.ProcessBuilder.start(ProcessBuilder.java:1048) ~[?:1.8.0_261]
	at java.lang.Runtime.exec(Runtime.java:621) ~[?:1.8.0_261]
	at java.lang.Runtime.exec(Runtime.java:451) ~[?:1.8.0_261]
	at java.lang.Runtime.exec(Runtime.java:348) ~[?:1.8.0_261]
	at org.jingjing.action.search.Baidu.search(Baidu.java:22) [classes/:?]
	at org.jingjing.window.MainWindow$1.actionPerformed(MainWindow.java:31) [classes/:?]
	at javax.swing.AbstractButton.fireActionPerformed(AbstractButton.java:2022) [?:1.8.0_261]
	at javax.swing.AbstractButton$Handler.actionPerformed(AbstractButton.java:2348) [?:1.8.0_261]
	at javax.swing.DefaultButtonModel.fireActionPerformed(DefaultButtonModel.java:402) [?:1.8.0_261]
	at javax.swing.DefaultButtonModel.setPressed(DefaultButtonModel.java:259) [?:1.8.0_261]
	at javax.swing.plaf.basic.BasicButtonListener.mouseReleased(BasicButtonListener.java:252) [?:1.8.0_261]
	at java.awt.Component.processMouseEvent(Component.java:6539) [?:1.8.0_261]
	at javax.swing.JComponent.processMouseEvent(JComponent.java:3324) [?:1.8.0_261]
	at java.awt.Component.processEvent(Component.java:6304) [?:1.8.0_261]
	at java.awt.Container.processEvent(Container.java:2239) [?:1.8.0_261]
	at java.awt.Component.dispatchEventImpl(Component.java:4889) [?:1.8.0_261]
	at java.awt.Container.dispatchEventImpl(Container.java:2297) [?:1.8.0_261]
	at java.awt.Component.dispatchEvent(Component.java:4711) [?:1.8.0_261]
	at java.awt.LightweightDispatcher.retargetMouseEvent(Container.java:4904) [?:1.8.0_261]
	at java.awt.LightweightDispatcher.processMouseEvent(Container.java:4535) [?:1.8.0_261]
	at java.awt.LightweightDispatcher.dispatchEvent(Container.java:4476) [?:1.8.0_261]
	at java.awt.Container.dispatchEventImpl(Container.java:2283) [?:1.8.0_261]
	at java.awt.Window.dispatchEventImpl(Window.java:2746) [?:1.8.0_261]
	at java.awt.Component.dispatchEvent(Component.java:4711) [?:1.8.0_261]
	at java.awt.EventQueue.dispatchEventImpl(EventQueue.java:760) [?:1.8.0_261]
	at java.awt.EventQueue.access$500(EventQueue.java:97) [?:1.8.0_261]
	at java.awt.EventQueue$3.run(EventQueue.java:709) [?:1.8.0_261]
	at java.awt.EventQueue$3.run(EventQueue.java:703) [?:1.8.0_261]
	at java.security.AccessController.doPrivileged(Native Method) ~[?:1.8.0_261]
	at java.security.ProtectionDomain$JavaSecurityAccessImpl.doIntersectionPrivilege(ProtectionDomain.java:74) [?:1.8.0_261]
	at java.security.ProtectionDomain$JavaSecurityAccessImpl.doIntersectionPrivilege(ProtectionDomain.java:84) [?:1.8.0_261]
	at java.awt.EventQueue$4.run(EventQueue.java:733) [?:1.8.0_261]
	at java.awt.EventQueue$4.run(EventQueue.java:731) [?:1.8.0_261]
	at java.security.AccessController.doPrivileged(Native Method) ~[?:1.8.0_261]
	at java.security.ProtectionDomain$JavaSecurityAccessImpl.doIntersectionPrivilege(ProtectionDomain.java:74) [?:1.8.0_261]
	at java.awt.EventQueue.dispatchEvent(EventQueue.java:730) [?:1.8.0_261]
	at java.awt.EventDispatchThread.pumpOneEventForFilters(EventDispatchThread.java:205) [?:1.8.0_261]
	at java.awt.EventDispatchThread.pumpEventsForFilter(EventDispatchThread.java:116) [?:1.8.0_261]
	at java.awt.EventDispatchThread.pumpEventsForHierarchy(EventDispatchThread.java:105) [?:1.8.0_261]
	at java.awt.EventDispatchThread.pumpEvents(EventDispatchThread.java:101) [?:1.8.0_261]
	at java.awt.EventDispatchThread.pumpEvents(EventDispatchThread.java:93) [?:1.8.0_261]
	at java.awt.EventDispatchThread.run(EventDispatchThread.java:82) [?:1.8.0_261]
Caused by: java.io.IOException: CreateProcess error=2, 系统找不到指定的文件。
	at java.lang.ProcessImpl.create(Native Method) ~[?:1.8.0_261]
	at java.lang.ProcessImpl.<init>(ProcessImpl.java:444) ~[?:1.8.0_261]
	at java.lang.ProcessImpl.start(ProcessImpl.java:140) ~[?:1.8.0_261]
	at java.lang.ProcessBuilder.start(ProcessBuilder.java:1029) ~[?:1.8.0_261]
	... 41 more

2020-12-31 at 16:34:46 CST INFO  org.jingjing.action.search.Baidu 18 search - google
2020-12-31 at 16:34:46 CST ERROR org.jingjing.action.search.Baidu 29 search - java.io.IOException: Cannot run program "C:\Program": CreateProcess error=2, 系统找不到指定的文件。
	at java.lang.ProcessBuilder.start(ProcessBuilder.java:1048) ~[?:1.8.0_261]
	at java.lang.Runtime.exec(Runtime.java:621) ~[?:1.8.0_261]
	at java.lang.Runtime.exec(Runtime.java:451) ~[?:1.8.0_261]
	at java.lang.Runtime.exec(Runtime.java:348) ~[?:1.8.0_261]
	at org.jingjing.action.search.Baidu.search(Baidu.java:22) [classes/:?]
	at org.jingjing.window.MainWindow$1.actionPerformed(MainWindow.java:31) [classes/:?]
	at javax.swing.AbstractButton.fireActionPerformed(AbstractButton.java:2022) [?:1.8.0_261]
	at javax.swing.AbstractButton$Handler.actionPerformed(AbstractButton.java:2348) [?:1.8.0_261]
	at javax.swing.DefaultButtonModel.fireActionPerformed(DefaultButtonModel.java:402) [?:1.8.0_261]
	at javax.swing.DefaultButtonModel.setPressed(DefaultButtonModel.java:259) [?:1.8.0_261]
	at javax.swing.plaf.basic.BasicButtonListener.mouseReleased(BasicButtonListener.java:252) [?:1.8.0_261]
	at java.awt.Component.processMouseEvent(Component.java:6539) [?:1.8.0_261]
	at javax.swing.JComponent.processMouseEvent(JComponent.java:3324) [?:1.8.0_261]
	at java.awt.Component.processEvent(Component.java:6304) [?:1.8.0_261]
	at java.awt.Container.processEvent(Container.java:2239) [?:1.8.0_261]
	at java.awt.Component.dispatchEventImpl(Component.java:4889) [?:1.8.0_261]
	at java.awt.Container.dispatchEventImpl(Container.java:2297) [?:1.8.0_261]
	at java.awt.Component.dispatchEvent(Component.java:4711) [?:1.8.0_261]
	at java.awt.LightweightDispatcher.retargetMouseEvent(Container.java:4904) [?:1.8.0_261]
	at java.awt.LightweightDispatcher.processMouseEvent(Container.java:4535) [?:1.8.0_261]
	at java.awt.LightweightDispatcher.dispatchEvent(Container.java:4476) [?:1.8.0_261]
	at java.awt.Container.dispatchEventImpl(Container.java:2283) [?:1.8.0_261]
	at java.awt.Window.dispatchEventImpl(Window.java:2746) [?:1.8.0_261]
	at java.awt.Component.dispatchEvent(Component.java:4711) [?:1.8.0_261]
	at java.awt.EventQueue.dispatchEventImpl(EventQueue.java:760) [?:1.8.0_261]
	at java.awt.EventQueue.access$500(EventQueue.java:97) [?:1.8.0_261]
	at java.awt.EventQueue$3.run(EventQueue.java:709) [?:1.8.0_261]
	at java.awt.EventQueue$3.run(EventQueue.java:703) [?:1.8.0_261]
	at java.security.AccessController.doPrivileged(Native Method) ~[?:1.8.0_261]
	at java.security.ProtectionDomain$JavaSecurityAccessImpl.doIntersectionPrivilege(ProtectionDomain.java:74) [?:1.8.0_261]
	at java.security.ProtectionDomain$JavaSecurityAccessImpl.doIntersectionPrivilege(ProtectionDomain.java:84) [?:1.8.0_261]
	at java.awt.EventQueue$4.run(EventQueue.java:733) [?:1.8.0_261]
	at java.awt.EventQueue$4.run(EventQueue.java:731) [?:1.8.0_261]
	at java.security.AccessController.doPrivileged(Native Method) ~[?:1.8.0_261]
	at java.security.ProtectionDomain$JavaSecurityAccessImpl.doIntersectionPrivilege(ProtectionDomain.java:74) [?:1.8.0_261]
	at java.awt.EventQueue.dispatchEvent(EventQueue.java:730) [?:1.8.0_261]
	at java.awt.EventDispatchThread.pumpOneEventForFilters(EventDispatchThread.java:205) [?:1.8.0_261]
	at java.awt.EventDispatchThread.pumpEventsForFilter(EventDispatchThread.java:116) [?:1.8.0_261]
	at java.awt.EventDispatchThread.pumpEventsForHierarchy(EventDispatchThread.java:105) [?:1.8.0_261]
	at java.awt.EventDispatchThread.pumpEvents(EventDispatchThread.java:101) [?:1.8.0_261]
	at java.awt.EventDispatchThread.pumpEvents(EventDispatchThread.java:93) [?:1.8.0_261]
	at java.awt.EventDispatchThread.run(EventDispatchThread.java:82) [?:1.8.0_261]
Caused by: java.io.IOException: CreateProcess error=2, 系统找不到指定的文件。
	at java.lang.ProcessImpl.create(Native Method) ~[?:1.8.0_261]
	at java.lang.ProcessImpl.<init>(ProcessImpl.java:444) ~[?:1.8.0_261]
	at java.lang.ProcessImpl.start(ProcessImpl.java:140) ~[?:1.8.0_261]
	at java.lang.ProcessBuilder.start(ProcessBuilder.java:1029) ~[?:1.8.0_261]
	... 41 more

2020-12-31 at 16:36:08 CST INFO  org.jingjing.action.search.Baidu 18 search - google
2020-12-31 at 16:36:08 CST INFO  org.jingjing.action.search.Baidu 26 search - C:\Program" "Files" "(x86)\Google\Chrome\Application\chrome.exe www.baidu.com/s?wd=cmd /c start 
2020-12-31 at 16:36:44 CST INFO  org.jingjing.action.search.Baidu 18 search - google
2020-12-31 at 16:36:44 CST INFO  org.jingjing.action.search.Baidu 26 search - C:\Program Files (x86)\Google\Chrome\Application\chrome.exe www.baidu.com/s?wd=cmd /c start 
2020-12-31 at 16:37:03 CST INFO  org.jingjing.action.search.Baidu 18 search - google
2020-12-31 at 16:37:03 CST INFO  org.jingjing.action.search.Baidu 26 search - C:\Program" "Files" "(x86)\Google\Chrome\Application\chrome.exe www.baidu.com/s?wd=cmd /c start 
2020-12-31 at 16:37:51 CST INFO  org.jingjing.action.search.Baidu 18 search - google
2020-12-31 at 16:37:51 CST INFO  org.jingjing.action.search.Baidu 26 search - C:\Program" "Files" "(x86)\Google\Chrome\Application\chrome.exe www.baidu.com/s?wd=cmd /c start 
2020-12-31 at 16:38:08 CST INFO  org.jingjing.action.search.Baidu 18 search - google
2020-12-31 at 16:38:08 CST INFO  org.jingjing.action.search.Baidu 26 search - C:\Program" "Files" "(x86)\Google\Chrome\Application\chrome.exe www.baidu.com/s?wd=cmd /c start 
2020-12-31 at 16:38:11 CST INFO  org.jingjing.action.search.Baidu 18 search - google
2020-12-31 at 16:38:12 CST INFO  org.jingjing.action.search.Baidu 26 search - C:\Program" "Files" "(x86)\Google\Chrome\Application\chrome.exe www.baidu.com/s?wd=cmd /c start 
2020-12-31 at 16:38:13 CST INFO  org.jingjing.action.search.Baidu 18 search - google
2020-12-31 at 16:38:13 CST INFO  org.jingjing.action.search.Baidu 26 search - C:\Program" "Files" "(x86)\Google\Chrome\Application\chrome.exe www.baidu.com/s?wd=cmd /c start 
2020-12-31 at 16:38:26 CST INFO  org.jingjing.action.search.Baidu 18 search - google
2020-12-31 at 16:38:27 CST INFO  org.jingjing.action.search.Baidu 26 search - C:\Program" "Files" "(x86)\Google\Chrome\Application\chrome.exe www.baidu.com/s?wd=cmd /c start 
2020-12-31 at 16:38:27 CST ERROR org.jingjing.action.search.Baidu 29 search - java.io.IOException: Cannot run program "C:\Program"": CreateProcess error=2, 系统找不到指定的文件。
	at java.lang.ProcessBuilder.start(ProcessBuilder.java:1048) ~[?:1.8.0_261]
	at java.lang.Runtime.exec(Runtime.java:621) ~[?:1.8.0_261]
	at java.lang.Runtime.exec(Runtime.java:451) ~[?:1.8.0_261]
	at java.lang.Runtime.exec(Runtime.java:348) ~[?:1.8.0_261]
	at org.jingjing.action.search.Baidu.search(Baidu.java:27) [classes/:?]
	at org.jingjing.window.MainWindow$1.actionPerformed(MainWindow.java:31) [classes/:?]
	at javax.swing.AbstractButton.fireActionPerformed(AbstractButton.java:2022) [?:1.8.0_261]
	at javax.swing.AbstractButton$Handler.actionPerformed(AbstractButton.java:2348) [?:1.8.0_261]
	at javax.swing.DefaultButtonModel.fireActionPerformed(DefaultButtonModel.java:402) [?:1.8.0_261]
	at javax.swing.DefaultButtonModel.setPressed(DefaultButtonModel.java:259) [?:1.8.0_261]
	at javax.swing.plaf.basic.BasicButtonListener.mouseReleased(BasicButtonListener.java:252) [?:1.8.0_261]
	at java.awt.Component.processMouseEvent(Component.java:6539) [?:1.8.0_261]
	at javax.swing.JComponent.processMouseEvent(JComponent.java:3324) [?:1.8.0_261]
	at java.awt.Component.processEvent(Component.java:6304) [?:1.8.0_261]
	at java.awt.Container.processEvent(Container.java:2239) [?:1.8.0_261]
	at java.awt.Component.dispatchEventImpl(Component.java:4889) [?:1.8.0_261]
	at java.awt.Container.dispatchEventImpl(Container.java:2297) [?:1.8.0_261]
	at java.awt.Component.dispatchEvent(Component.java:4711) [?:1.8.0_261]
	at java.awt.LightweightDispatcher.retargetMouseEvent(Container.java:4904) [?:1.8.0_261]
	at java.awt.LightweightDispatcher.processMouseEvent(Container.java:4535) [?:1.8.0_261]
	at java.awt.LightweightDispatcher.dispatchEvent(Container.java:4476) [?:1.8.0_261]
	at java.awt.Container.dispatchEventImpl(Container.java:2283) [?:1.8.0_261]
	at java.awt.Window.dispatchEventImpl(Window.java:2746) [?:1.8.0_261]
	at java.awt.Component.dispatchEvent(Component.java:4711) [?:1.8.0_261]
	at java.awt.EventQueue.dispatchEventImpl(EventQueue.java:760) [?:1.8.0_261]
	at java.awt.EventQueue.access$500(EventQueue.java:97) [?:1.8.0_261]
	at java.awt.EventQueue$3.run(EventQueue.java:709) [?:1.8.0_261]
	at java.awt.EventQueue$3.run(EventQueue.java:703) [?:1.8.0_261]
	at java.security.AccessController.doPrivileged(Native Method) ~[?:1.8.0_261]
	at java.security.ProtectionDomain$JavaSecurityAccessImpl.doIntersectionPrivilege(ProtectionDomain.java:74) [?:1.8.0_261]
	at java.security.ProtectionDomain$JavaSecurityAccessImpl.doIntersectionPrivilege(ProtectionDomain.java:84) [?:1.8.0_261]
	at java.awt.EventQueue$4.run(EventQueue.java:733) [?:1.8.0_261]
	at java.awt.EventQueue$4.run(EventQueue.java:731) [?:1.8.0_261]
	at java.security.AccessController.doPrivileged(Native Method) ~[?:1.8.0_261]
	at java.security.ProtectionDomain$JavaSecurityAccessImpl.doIntersectionPrivilege(ProtectionDomain.java:74) [?:1.8.0_261]
	at java.awt.EventQueue.dispatchEvent(EventQueue.java:730) [?:1.8.0_261]
	at java.awt.EventDispatchThread.pumpOneEventForFilters(EventDispatchThread.java:205) [?:1.8.0_261]
	at java.awt.EventDispatchThread.pumpEventsForFilter(EventDispatchThread.java:116) [?:1.8.0_261]
	at java.awt.EventDispatchThread.pumpEventsForHierarchy(EventDispatchThread.java:105) [?:1.8.0_261]
	at java.awt.EventDispatchThread.pumpEvents(EventDispatchThread.java:101) [?:1.8.0_261]
	at java.awt.EventDispatchThread.pumpEvents(EventDispatchThread.java:93) [?:1.8.0_261]
	at java.awt.EventDispatchThread.run(EventDispatchThread.java:82) [?:1.8.0_261]
Caused by: java.io.IOException: CreateProcess error=2, 系统找不到指定的文件。
	at java.lang.ProcessImpl.create(Native Method) ~[?:1.8.0_261]
	at java.lang.ProcessImpl.<init>(ProcessImpl.java:444) ~[?:1.8.0_261]
	at java.lang.ProcessImpl.start(ProcessImpl.java:140) ~[?:1.8.0_261]
	at java.lang.ProcessBuilder.start(ProcessBuilder.java:1029) ~[?:1.8.0_261]
	... 41 more

2020-12-31 at 16:44:51 CST INFO  org.jingjing.action.search.Baidu 18 search - chrome
2020-12-31 at 16:44:51 CST INFO  org.jingjing.action.search.Baidu 26 search - chrome.exe www.baidu.com/s?wd=chrome
2020-12-31 at 16:44:51 CST ERROR org.jingjing.action.search.Baidu 29 search - java.io.IOException: Cannot run program "chrome.exe": CreateProcess error=2, 系统找不到指定的文件。
	at java.lang.ProcessBuilder.start(ProcessBuilder.java:1048) ~[?:1.8.0_261]
	at java.lang.Runtime.exec(Runtime.java:621) ~[?:1.8.0_261]
	at java.lang.Runtime.exec(Runtime.java:451) ~[?:1.8.0_261]
	at java.lang.Runtime.exec(Runtime.java:348) ~[?:1.8.0_261]
	at org.jingjing.action.search.Baidu.search(Baidu.java:27) [classes/:?]
	at org.jingjing.window.MainWindow$1.actionPerformed(MainWindow.java:31) [classes/:?]
	at javax.swing.AbstractButton.fireActionPerformed(AbstractButton.java:2022) [?:1.8.0_261]
	at javax.swing.AbstractButton$Handler.actionPerformed(AbstractButton.java:2348) [?:1.8.0_261]
	at javax.swing.DefaultButtonModel.fireActionPerformed(DefaultButtonModel.java:402) [?:1.8.0_261]
	at javax.swing.DefaultButtonModel.setPressed(DefaultButtonModel.java:259) [?:1.8.0_261]
	at javax.swing.plaf.basic.BasicButtonListener.mouseReleased(BasicButtonListener.java:252) [?:1.8.0_261]
	at java.awt.Component.processMouseEvent(Component.java:6539) [?:1.8.0_261]
	at javax.swing.JComponent.processMouseEvent(JComponent.java:3324) [?:1.8.0_261]
	at java.awt.Component.processEvent(Component.java:6304) [?:1.8.0_261]
	at java.awt.Container.processEvent(Container.java:2239) [?:1.8.0_261]
	at java.awt.Component.dispatchEventImpl(Component.java:4889) [?:1.8.0_261]
	at java.awt.Container.dispatchEventImpl(Container.java:2297) [?:1.8.0_261]
	at java.awt.Component.dispatchEvent(Component.java:4711) [?:1.8.0_261]
	at java.awt.LightweightDispatcher.retargetMouseEvent(Container.java:4904) [?:1.8.0_261]
	at java.awt.LightweightDispatcher.processMouseEvent(Container.java:4535) [?:1.8.0_261]
	at java.awt.LightweightDispatcher.dispatchEvent(Container.java:4476) [?:1.8.0_261]
	at java.awt.Container.dispatchEventImpl(Container.java:2283) [?:1.8.0_261]
	at java.awt.Window.dispatchEventImpl(Window.java:2746) [?:1.8.0_261]
	at java.awt.Component.dispatchEvent(Component.java:4711) [?:1.8.0_261]
	at java.awt.EventQueue.dispatchEventImpl(EventQueue.java:760) [?:1.8.0_261]
	at java.awt.EventQueue.access$500(EventQueue.java:97) [?:1.8.0_261]
	at java.awt.EventQueue$3.run(EventQueue.java:709) [?:1.8.0_261]
	at java.awt.EventQueue$3.run(EventQueue.java:703) [?:1.8.0_261]
	at java.security.AccessController.doPrivileged(Native Method) ~[?:1.8.0_261]
	at java.security.ProtectionDomain$JavaSecurityAccessImpl.doIntersectionPrivilege(ProtectionDomain.java:74) [?:1.8.0_261]
	at java.security.ProtectionDomain$JavaSecurityAccessImpl.doIntersectionPrivilege(ProtectionDomain.java:84) [?:1.8.0_261]
	at java.awt.EventQueue$4.run(EventQueue.java:733) [?:1.8.0_261]
	at java.awt.EventQueue$4.run(EventQueue.java:731) [?:1.8.0_261]
	at java.security.AccessController.doPrivileged(Native Method) ~[?:1.8.0_261]
	at java.security.ProtectionDomain$JavaSecurityAccessImpl.doIntersectionPrivilege(ProtectionDomain.java:74) [?:1.8.0_261]
	at java.awt.EventQueue.dispatchEvent(EventQueue.java:730) [?:1.8.0_261]
	at java.awt.EventDispatchThread.pumpOneEventForFilters(EventDispatchThread.java:205) [?:1.8.0_261]
	at java.awt.EventDispatchThread.pumpEventsForFilter(EventDispatchThread.java:116) [?:1.8.0_261]
	at java.awt.EventDispatchThread.pumpEventsForHierarchy(EventDispatchThread.java:105) [?:1.8.0_261]
	at java.awt.EventDispatchThread.pumpEvents(EventDispatchThread.java:101) [?:1.8.0_261]
	at java.awt.EventDispatchThread.pumpEvents(EventDispatchThread.java:93) [?:1.8.0_261]
	at java.awt.EventDispatchThread.run(EventDispatchThread.java:82) [?:1.8.0_261]
Caused by: java.io.IOException: CreateProcess error=2, 系统找不到指定的文件。
	at java.lang.ProcessImpl.create(Native Method) ~[?:1.8.0_261]
	at java.lang.ProcessImpl.<init>(ProcessImpl.java:444) ~[?:1.8.0_261]
	at java.lang.ProcessImpl.start(ProcessImpl.java:140) ~[?:1.8.0_261]
	at java.lang.ProcessBuilder.start(ProcessBuilder.java:1029) ~[?:1.8.0_261]
	... 41 more

2020-12-31 at 16:48:08 CST INFO  org.jingjing.action.search.Baidu 18 search - chrome
2020-12-31 at 16:48:08 CST INFO  org.jingjing.action.search.Baidu 26 search - D:\workspace\idea_test_space\desk_app/program/chrome.lnk www.baidu.com/s?wd=System.getProperty("user.dir")
2020-12-31 at 16:48:08 CST ERROR org.jingjing.action.search.Baidu 29 search - java.io.IOException: Cannot run program "D:\workspace\idea_test_space\desk_app/program/chrome.lnk": CreateProcess error=193, %1 不是有效的 Win32 应用程序。
	at java.lang.ProcessBuilder.start(ProcessBuilder.java:1048) ~[?:1.8.0_261]
	at java.lang.Runtime.exec(Runtime.java:621) ~[?:1.8.0_261]
	at java.lang.Runtime.exec(Runtime.java:451) ~[?:1.8.0_261]
	at java.lang.Runtime.exec(Runtime.java:348) ~[?:1.8.0_261]
	at org.jingjing.action.search.Baidu.search(Baidu.java:27) [classes/:?]
	at org.jingjing.window.MainWindow$1.actionPerformed(MainWindow.java:31) [classes/:?]
	at javax.swing.AbstractButton.fireActionPerformed(AbstractButton.java:2022) [?:1.8.0_261]
	at javax.swing.AbstractButton$Handler.actionPerformed(AbstractButton.java:2348) [?:1.8.0_261]
	at javax.swing.DefaultButtonModel.fireActionPerformed(DefaultButtonModel.java:402) [?:1.8.0_261]
	at javax.swing.DefaultButtonModel.setPressed(DefaultButtonModel.java:259) [?:1.8.0_261]
	at javax.swing.plaf.basic.BasicButtonListener.mouseReleased(BasicButtonListener.java:252) [?:1.8.0_261]
	at java.awt.Component.processMouseEvent(Component.java:6539) [?:1.8.0_261]
	at javax.swing.JComponent.processMouseEvent(JComponent.java:3324) [?:1.8.0_261]
	at java.awt.Component.processEvent(Component.java:6304) [?:1.8.0_261]
	at java.awt.Container.processEvent(Container.java:2239) [?:1.8.0_261]
	at java.awt.Component.dispatchEventImpl(Component.java:4889) [?:1.8.0_261]
	at java.awt.Container.dispatchEventImpl(Container.java:2297) [?:1.8.0_261]
	at java.awt.Component.dispatchEvent(Component.java:4711) [?:1.8.0_261]
	at java.awt.LightweightDispatcher.retargetMouseEvent(Container.java:4904) [?:1.8.0_261]
	at java.awt.LightweightDispatcher.processMouseEvent(Container.java:4535) [?:1.8.0_261]
	at java.awt.LightweightDispatcher.dispatchEvent(Container.java:4476) [?:1.8.0_261]
	at java.awt.Container.dispatchEventImpl(Container.java:2283) [?:1.8.0_261]
	at java.awt.Window.dispatchEventImpl(Window.java:2746) [?:1.8.0_261]
	at java.awt.Component.dispatchEvent(Component.java:4711) [?:1.8.0_261]
	at java.awt.EventQueue.dispatchEventImpl(EventQueue.java:760) [?:1.8.0_261]
	at java.awt.EventQueue.access$500(EventQueue.java:97) [?:1.8.0_261]
	at java.awt.EventQueue$3.run(EventQueue.java:709) [?:1.8.0_261]
	at java.awt.EventQueue$3.run(EventQueue.java:703) [?:1.8.0_261]
	at java.security.AccessController.doPrivileged(Native Method) ~[?:1.8.0_261]
	at java.security.ProtectionDomain$JavaSecurityAccessImpl.doIntersectionPrivilege(ProtectionDomain.java:74) [?:1.8.0_261]
	at java.security.ProtectionDomain$JavaSecurityAccessImpl.doIntersectionPrivilege(ProtectionDomain.java:84) [?:1.8.0_261]
	at java.awt.EventQueue$4.run(EventQueue.java:733) [?:1.8.0_261]
	at java.awt.EventQueue$4.run(EventQueue.java:731) [?:1.8.0_261]
	at java.security.AccessController.doPrivileged(Native Method) ~[?:1.8.0_261]
	at java.security.ProtectionDomain$JavaSecurityAccessImpl.doIntersectionPrivilege(ProtectionDomain.java:74) [?:1.8.0_261]
	at java.awt.EventQueue.dispatchEvent(EventQueue.java:730) [?:1.8.0_261]
	at java.awt.EventDispatchThread.pumpOneEventForFilters(EventDispatchThread.java:205) [?:1.8.0_261]
	at java.awt.EventDispatchThread.pumpEventsForFilter(EventDispatchThread.java:116) [?:1.8.0_261]
	at java.awt.EventDispatchThread.pumpEventsForHierarchy(EventDispatchThread.java:105) [?:1.8.0_261]
	at java.awt.EventDispatchThread.pumpEvents(EventDispatchThread.java:101) [?:1.8.0_261]
	at java.awt.EventDispatchThread.pumpEvents(EventDispatchThread.java:93) [?:1.8.0_261]
	at java.awt.EventDispatchThread.run(EventDispatchThread.java:82) [?:1.8.0_261]
Caused by: java.io.IOException: CreateProcess error=193, %1 不是有效的 Win32 应用程序。
	at java.lang.ProcessImpl.create(Native Method) ~[?:1.8.0_261]
	at java.lang.ProcessImpl.<init>(ProcessImpl.java:444) ~[?:1.8.0_261]
	at java.lang.ProcessImpl.start(ProcessImpl.java:140) ~[?:1.8.0_261]
	at java.lang.ProcessBuilder.start(ProcessBuilder.java:1029) ~[?:1.8.0_261]
	... 41 more

2020-12-31 at 16:48:08 CST INFO  org.jingjing.action.search.Baidu 18 search - chrome
2020-12-31 at 16:48:08 CST INFO  org.jingjing.action.search.Baidu 26 search - D:\workspace\idea_test_space\desk_app/program/chrome.lnk www.baidu.com/s?wd=System.getProperty("user.dir")
2020-12-31 at 16:48:08 CST ERROR org.jingjing.action.search.Baidu 29 search - java.io.IOException: Cannot run program "D:\workspace\idea_test_space\desk_app/program/chrome.lnk": CreateProcess error=193, %1 不是有效的 Win32 应用程序。
	at java.lang.ProcessBuilder.start(ProcessBuilder.java:1048) ~[?:1.8.0_261]
	at java.lang.Runtime.exec(Runtime.java:621) ~[?:1.8.0_261]
	at java.lang.Runtime.exec(Runtime.java:451) ~[?:1.8.0_261]
	at java.lang.Runtime.exec(Runtime.java:348) ~[?:1.8.0_261]
	at org.jingjing.action.search.Baidu.search(Baidu.java:27) [classes/:?]
	at org.jingjing.window.MainWindow$1.actionPerformed(MainWindow.java:31) [classes/:?]
	at javax.swing.AbstractButton.fireActionPerformed(AbstractButton.java:2022) [?:1.8.0_261]
	at javax.swing.AbstractButton$Handler.actionPerformed(AbstractButton.java:2348) [?:1.8.0_261]
	at javax.swing.DefaultButtonModel.fireActionPerformed(DefaultButtonModel.java:402) [?:1.8.0_261]
	at javax.swing.DefaultButtonModel.setPressed(DefaultButtonModel.java:259) [?:1.8.0_261]
	at javax.swing.plaf.basic.BasicButtonListener.mouseReleased(BasicButtonListener.java:252) [?:1.8.0_261]
	at java.awt.Component.processMouseEvent(Component.java:6539) [?:1.8.0_261]
	at javax.swing.JComponent.processMouseEvent(JComponent.java:3324) [?:1.8.0_261]
	at java.awt.Component.processEvent(Component.java:6304) [?:1.8.0_261]
	at java.awt.Container.processEvent(Container.java:2239) [?:1.8.0_261]
	at java.awt.Component.dispatchEventImpl(Component.java:4889) [?:1.8.0_261]
	at java.awt.Container.dispatchEventImpl(Container.java:2297) [?:1.8.0_261]
	at java.awt.Component.dispatchEvent(Component.java:4711) [?:1.8.0_261]
	at java.awt.LightweightDispatcher.retargetMouseEvent(Container.java:4904) [?:1.8.0_261]
	at java.awt.LightweightDispatcher.processMouseEvent(Container.java:4535) [?:1.8.0_261]
	at java.awt.LightweightDispatcher.dispatchEvent(Container.java:4476) [?:1.8.0_261]
	at java.awt.Container.dispatchEventImpl(Container.java:2283) [?:1.8.0_261]
	at java.awt.Window.dispatchEventImpl(Window.java:2746) [?:1.8.0_261]
	at java.awt.Component.dispatchEvent(Component.java:4711) [?:1.8.0_261]
	at java.awt.EventQueue.dispatchEventImpl(EventQueue.java:760) [?:1.8.0_261]
	at java.awt.EventQueue.access$500(EventQueue.java:97) [?:1.8.0_261]
	at java.awt.EventQueue$3.run(EventQueue.java:709) [?:1.8.0_261]
	at java.awt.EventQueue$3.run(EventQueue.java:703) [?:1.8.0_261]
	at java.security.AccessController.doPrivileged(Native Method) ~[?:1.8.0_261]
	at java.security.ProtectionDomain$JavaSecurityAccessImpl.doIntersectionPrivilege(ProtectionDomain.java:74) [?:1.8.0_261]
	at java.security.ProtectionDomain$JavaSecurityAccessImpl.doIntersectionPrivilege(ProtectionDomain.java:84) [?:1.8.0_261]
	at java.awt.EventQueue$4.run(EventQueue.java:733) [?:1.8.0_261]
	at java.awt.EventQueue$4.run(EventQueue.java:731) [?:1.8.0_261]
	at java.security.AccessController.doPrivileged(Native Method) ~[?:1.8.0_261]
	at java.security.ProtectionDomain$JavaSecurityAccessImpl.doIntersectionPrivilege(ProtectionDomain.java:74) [?:1.8.0_261]
	at java.awt.EventQueue.dispatchEvent(EventQueue.java:730) [?:1.8.0_261]
	at java.awt.EventDispatchThread.pumpOneEventForFilters(EventDispatchThread.java:205) [?:1.8.0_261]
	at java.awt.EventDispatchThread.pumpEventsForFilter(EventDispatchThread.java:116) [?:1.8.0_261]
	at java.awt.EventDispatchThread.pumpEventsForHierarchy(EventDispatchThread.java:105) [?:1.8.0_261]
	at java.awt.EventDispatchThread.pumpEvents(EventDispatchThread.java:101) [?:1.8.0_261]
	at java.awt.EventDispatchThread.pumpEvents(EventDispatchThread.java:93) [?:1.8.0_261]
	at java.awt.EventDispatchThread.run(EventDispatchThread.java:82) [?:1.8.0_261]
Caused by: java.io.IOException: CreateProcess error=193, %1 不是有效的 Win32 应用程序。
	at java.lang.ProcessImpl.create(Native Method) ~[?:1.8.0_261]
	at java.lang.ProcessImpl.<init>(ProcessImpl.java:444) ~[?:1.8.0_261]
	at java.lang.ProcessImpl.start(ProcessImpl.java:140) ~[?:1.8.0_261]
	at java.lang.ProcessBuilder.start(ProcessBuilder.java:1029) ~[?:1.8.0_261]
	... 41 more

2020-12-31 at 16:50:06 CST INFO  org.jingjing.action.search.Baidu 18 search - chrome
2020-12-31 at 16:50:06 CST INFO  org.jingjing.action.search.Baidu 26 search - C:\Program Files (x86)\Google\Chrome\Application\chrome.exe www.baidu.com/s?wd=chrome
2020-12-31 at 16:50:06 CST ERROR org.jingjing.action.search.Baidu 29 search - java.io.IOException: Cannot run program "C:\Program": CreateProcess error=2, 系统找不到指定的文件。
	at java.lang.ProcessBuilder.start(ProcessBuilder.java:1048) ~[?:1.8.0_261]
	at java.lang.Runtime.exec(Runtime.java:621) ~[?:1.8.0_261]
	at java.lang.Runtime.exec(Runtime.java:451) ~[?:1.8.0_261]
	at java.lang.Runtime.exec(Runtime.java:348) ~[?:1.8.0_261]
	at org.jingjing.action.search.Baidu.search(Baidu.java:27) [classes/:?]
	at org.jingjing.window.MainWindow$1.actionPerformed(MainWindow.java:31) [classes/:?]
	at javax.swing.AbstractButton.fireActionPerformed(AbstractButton.java:2022) [?:1.8.0_261]
	at javax.swing.AbstractButton$Handler.actionPerformed(AbstractButton.java:2348) [?:1.8.0_261]
	at javax.swing.DefaultButtonModel.fireActionPerformed(DefaultButtonModel.java:402) [?:1.8.0_261]
	at javax.swing.DefaultButtonModel.setPressed(DefaultButtonModel.java:259) [?:1.8.0_261]
	at javax.swing.plaf.basic.BasicButtonListener.mouseReleased(BasicButtonListener.java:252) [?:1.8.0_261]
	at java.awt.Component.processMouseEvent(Component.java:6539) [?:1.8.0_261]
	at javax.swing.JComponent.processMouseEvent(JComponent.java:3324) [?:1.8.0_261]
	at java.awt.Component.processEvent(Component.java:6304) [?:1.8.0_261]
	at java.awt.Container.processEvent(Container.java:2239) [?:1.8.0_261]
	at java.awt.Component.dispatchEventImpl(Component.java:4889) [?:1.8.0_261]
	at java.awt.Container.dispatchEventImpl(Container.java:2297) [?:1.8.0_261]
	at java.awt.Component.dispatchEvent(Component.java:4711) [?:1.8.0_261]
	at java.awt.LightweightDispatcher.retargetMouseEvent(Container.java:4904) [?:1.8.0_261]
	at java.awt.LightweightDispatcher.processMouseEvent(Container.java:4535) [?:1.8.0_261]
	at java.awt.LightweightDispatcher.dispatchEvent(Container.java:4476) [?:1.8.0_261]
	at java.awt.Container.dispatchEventImpl(Container.java:2283) [?:1.8.0_261]
	at java.awt.Window.dispatchEventImpl(Window.java:2746) [?:1.8.0_261]
	at java.awt.Component.dispatchEvent(Component.java:4711) [?:1.8.0_261]
	at java.awt.EventQueue.dispatchEventImpl(EventQueue.java:760) [?:1.8.0_261]
	at java.awt.EventQueue.access$500(EventQueue.java:97) [?:1.8.0_261]
	at java.awt.EventQueue$3.run(EventQueue.java:709) [?:1.8.0_261]
	at java.awt.EventQueue$3.run(EventQueue.java:703) [?:1.8.0_261]
	at java.security.AccessController.doPrivileged(Native Method) ~[?:1.8.0_261]
	at java.security.ProtectionDomain$JavaSecurityAccessImpl.doIntersectionPrivilege(ProtectionDomain.java:74) [?:1.8.0_261]
	at java.security.ProtectionDomain$JavaSecurityAccessImpl.doIntersectionPrivilege(ProtectionDomain.java:84) [?:1.8.0_261]
	at java.awt.EventQueue$4.run(EventQueue.java:733) [?:1.8.0_261]
	at java.awt.EventQueue$4.run(EventQueue.java:731) [?:1.8.0_261]
	at java.security.AccessController.doPrivileged(Native Method) ~[?:1.8.0_261]
	at java.security.ProtectionDomain$JavaSecurityAccessImpl.doIntersectionPrivilege(ProtectionDomain.java:74) [?:1.8.0_261]
	at java.awt.EventQueue.dispatchEvent(EventQueue.java:730) [?:1.8.0_261]
	at java.awt.EventDispatchThread.pumpOneEventForFilters(EventDispatchThread.java:205) [?:1.8.0_261]
	at java.awt.EventDispatchThread.pumpEventsForFilter(EventDispatchThread.java:116) [?:1.8.0_261]
	at java.awt.EventDispatchThread.pumpEventsForHierarchy(EventDispatchThread.java:105) [?:1.8.0_261]
	at java.awt.EventDispatchThread.pumpEvents(EventDispatchThread.java:101) [?:1.8.0_261]
	at java.awt.EventDispatchThread.pumpEvents(EventDispatchThread.java:93) [?:1.8.0_261]
	at java.awt.EventDispatchThread.run(EventDispatchThread.java:82) [?:1.8.0_261]
Caused by: java.io.IOException: CreateProcess error=2, 系统找不到指定的文件。
	at java.lang.ProcessImpl.create(Native Method) ~[?:1.8.0_261]
	at java.lang.ProcessImpl.<init>(ProcessImpl.java:444) ~[?:1.8.0_261]
	at java.lang.ProcessImpl.start(ProcessImpl.java:140) ~[?:1.8.0_261]
	at java.lang.ProcessBuilder.start(ProcessBuilder.java:1029) ~[?:1.8.0_261]
	... 41 more

2020-12-31 at 16:52:27 CST INFO  org.jingjing.action.search.Baidu 18 search - chrome
2020-12-31 at 16:52:27 CST INFO  org.jingjing.action.search.Baidu 26 search - C:\Program" "Files" "(x86)\Google\Chrome\Application\chrome.exe www.baidu.com/s?wd=chrome
2020-12-31 at 16:52:27 CST ERROR org.jingjing.action.search.Baidu 29 search - java.io.IOException: Cannot run program "C:\Program"": CreateProcess error=2, 系统找不到指定的文件。
	at java.lang.ProcessBuilder.start(ProcessBuilder.java:1048) ~[?:1.8.0_261]
	at java.lang.Runtime.exec(Runtime.java:621) ~[?:1.8.0_261]
	at java.lang.Runtime.exec(Runtime.java:451) ~[?:1.8.0_261]
	at java.lang.Runtime.exec(Runtime.java:348) ~[?:1.8.0_261]
	at org.jingjing.action.search.Baidu.search(Baidu.java:27) [classes/:?]
	at org.jingjing.window.MainWindow$1.actionPerformed(MainWindow.java:31) [classes/:?]
	at javax.swing.AbstractButton.fireActionPerformed(AbstractButton.java:2022) [?:1.8.0_261]
	at javax.swing.AbstractButton$Handler.actionPerformed(AbstractButton.java:2348) [?:1.8.0_261]
	at javax.swing.DefaultButtonModel.fireActionPerformed(DefaultButtonModel.java:402) [?:1.8.0_261]
	at javax.swing.DefaultButtonModel.setPressed(DefaultButtonModel.java:259) [?:1.8.0_261]
	at javax.swing.plaf.basic.BasicButtonListener.mouseReleased(BasicButtonListener.java:252) [?:1.8.0_261]
	at java.awt.Component.processMouseEvent(Component.java:6539) [?:1.8.0_261]
	at javax.swing.JComponent.processMouseEvent(JComponent.java:3324) [?:1.8.0_261]
	at java.awt.Component.processEvent(Component.java:6304) [?:1.8.0_261]
	at java.awt.Container.processEvent(Container.java:2239) [?:1.8.0_261]
	at java.awt.Component.dispatchEventImpl(Component.java:4889) [?:1.8.0_261]
	at java.awt.Container.dispatchEventImpl(Container.java:2297) [?:1.8.0_261]
	at java.awt.Component.dispatchEvent(Component.java:4711) [?:1.8.0_261]
	at java.awt.LightweightDispatcher.retargetMouseEvent(Container.java:4904) [?:1.8.0_261]
	at java.awt.LightweightDispatcher.processMouseEvent(Container.java:4535) [?:1.8.0_261]
	at java.awt.LightweightDispatcher.dispatchEvent(Container.java:4476) [?:1.8.0_261]
	at java.awt.Container.dispatchEventImpl(Container.java:2283) [?:1.8.0_261]
	at java.awt.Window.dispatchEventImpl(Window.java:2746) [?:1.8.0_261]
	at java.awt.Component.dispatchEvent(Component.java:4711) [?:1.8.0_261]
	at java.awt.EventQueue.dispatchEventImpl(EventQueue.java:760) [?:1.8.0_261]
	at java.awt.EventQueue.access$500(EventQueue.java:97) [?:1.8.0_261]
	at java.awt.EventQueue$3.run(EventQueue.java:709) [?:1.8.0_261]
	at java.awt.EventQueue$3.run(EventQueue.java:703) [?:1.8.0_261]
	at java.security.AccessController.doPrivileged(Native Method) ~[?:1.8.0_261]
	at java.security.ProtectionDomain$JavaSecurityAccessImpl.doIntersectionPrivilege(ProtectionDomain.java:74) [?:1.8.0_261]
	at java.security.ProtectionDomain$JavaSecurityAccessImpl.doIntersectionPrivilege(ProtectionDomain.java:84) [?:1.8.0_261]
	at java.awt.EventQueue$4.run(EventQueue.java:733) [?:1.8.0_261]
	at java.awt.EventQueue$4.run(EventQueue.java:731) [?:1.8.0_261]
	at java.security.AccessController.doPrivileged(Native Method) ~[?:1.8.0_261]
	at java.security.ProtectionDomain$JavaSecurityAccessImpl.doIntersectionPrivilege(ProtectionDomain.java:74) [?:1.8.0_261]
	at java.awt.EventQueue.dispatchEvent(EventQueue.java:730) [?:1.8.0_261]
	at java.awt.EventDispatchThread.pumpOneEventForFilters(EventDispatchThread.java:205) [?:1.8.0_261]
	at java.awt.EventDispatchThread.pumpEventsForFilter(EventDispatchThread.java:116) [?:1.8.0_261]
	at java.awt.EventDispatchThread.pumpEventsForHierarchy(EventDispatchThread.java:105) [?:1.8.0_261]
	at java.awt.EventDispatchThread.pumpEvents(EventDispatchThread.java:101) [?:1.8.0_261]
	at java.awt.EventDispatchThread.pumpEvents(EventDispatchThread.java:93) [?:1.8.0_261]
	at java.awt.EventDispatchThread.run(EventDispatchThread.java:82) [?:1.8.0_261]
Caused by: java.io.IOException: CreateProcess error=2, 系统找不到指定的文件。
	at java.lang.ProcessImpl.create(Native Method) ~[?:1.8.0_261]
	at java.lang.ProcessImpl.<init>(ProcessImpl.java:444) ~[?:1.8.0_261]
	at java.lang.ProcessImpl.start(ProcessImpl.java:140) ~[?:1.8.0_261]
	at java.lang.ProcessBuilder.start(ProcessBuilder.java:1029) ~[?:1.8.0_261]
	... 41 more

2020-12-31 at 16:57:58 CST INFO  org.jingjing.action.search.Baidu 18 search - chrome
2020-12-31 at 16:57:58 CST INFO  org.jingjing.action.search.Baidu 26 search - C:\Program" "Files" "(x86)\Google\Chrome\Application\chrome.exe www.baidu.com/s?wd=.replaceAll(" ", "/"/"")
2020-12-31 at 16:57:58 CST ERROR org.jingjing.action.search.Baidu 29 search - java.io.IOException: Cannot run program "C:\Program"": CreateProcess error=2, 系统找不到指定的文件。
	at java.lang.ProcessBuilder.start(ProcessBuilder.java:1048) ~[?:1.8.0_261]
	at java.lang.Runtime.exec(Runtime.java:621) ~[?:1.8.0_261]
	at java.lang.Runtime.exec(Runtime.java:451) ~[?:1.8.0_261]
	at java.lang.Runtime.exec(Runtime.java:348) ~[?:1.8.0_261]
	at org.jingjing.action.search.Baidu.search(Baidu.java:27) [classes/:?]
	at org.jingjing.window.MainWindow$1.actionPerformed(MainWindow.java:31) [classes/:?]
	at javax.swing.AbstractButton.fireActionPerformed(AbstractButton.java:2022) [?:1.8.0_261]
	at javax.swing.AbstractButton$Handler.actionPerformed(AbstractButton.java:2348) [?:1.8.0_261]
	at javax.swing.DefaultButtonModel.fireActionPerformed(DefaultButtonModel.java:402) [?:1.8.0_261]
	at javax.swing.DefaultButtonModel.setPressed(DefaultButtonModel.java:259) [?:1.8.0_261]
	at javax.swing.plaf.basic.BasicButtonListener.mouseReleased(BasicButtonListener.java:252) [?:1.8.0_261]
	at java.awt.Component.processMouseEvent(Component.java:6539) [?:1.8.0_261]
	at javax.swing.JComponent.processMouseEvent(JComponent.java:3324) [?:1.8.0_261]
	at java.awt.Component.processEvent(Component.java:6304) [?:1.8.0_261]
	at java.awt.Container.processEvent(Container.java:2239) [?:1.8.0_261]
	at java.awt.Component.dispatchEventImpl(Component.java:4889) [?:1.8.0_261]
	at java.awt.Container.dispatchEventImpl(Container.java:2297) [?:1.8.0_261]
	at java.awt.Component.dispatchEvent(Component.java:4711) [?:1.8.0_261]
	at java.awt.LightweightDispatcher.retargetMouseEvent(Container.java:4904) [?:1.8.0_261]
	at java.awt.LightweightDispatcher.processMouseEvent(Container.java:4535) [?:1.8.0_261]
	at java.awt.LightweightDispatcher.dispatchEvent(Container.java:4476) [?:1.8.0_261]
	at java.awt.Container.dispatchEventImpl(Container.java:2283) [?:1.8.0_261]
	at java.awt.Window.dispatchEventImpl(Window.java:2746) [?:1.8.0_261]
	at java.awt.Component.dispatchEvent(Component.java:4711) [?:1.8.0_261]
	at java.awt.EventQueue.dispatchEventImpl(EventQueue.java:760) [?:1.8.0_261]
	at java.awt.EventQueue.access$500(EventQueue.java:97) [?:1.8.0_261]
	at java.awt.EventQueue$3.run(EventQueue.java:709) [?:1.8.0_261]
	at java.awt.EventQueue$3.run(EventQueue.java:703) [?:1.8.0_261]
	at java.security.AccessController.doPrivileged(Native Method) ~[?:1.8.0_261]
	at java.security.ProtectionDomain$JavaSecurityAccessImpl.doIntersectionPrivilege(ProtectionDomain.java:74) [?:1.8.0_261]
	at java.security.ProtectionDomain$JavaSecurityAccessImpl.doIntersectionPrivilege(ProtectionDomain.java:84) [?:1.8.0_261]
	at java.awt.EventQueue$4.run(EventQueue.java:733) [?:1.8.0_261]
	at java.awt.EventQueue$4.run(EventQueue.java:731) [?:1.8.0_261]
	at java.security.AccessController.doPrivileged(Native Method) ~[?:1.8.0_261]
	at java.security.ProtectionDomain$JavaSecurityAccessImpl.doIntersectionPrivilege(ProtectionDomain.java:74) [?:1.8.0_261]
	at java.awt.EventQueue.dispatchEvent(EventQueue.java:730) [?:1.8.0_261]
	at java.awt.EventDispatchThread.pumpOneEventForFilters(EventDispatchThread.java:205) [?:1.8.0_261]
	at java.awt.EventDispatchThread.pumpEventsForFilter(EventDispatchThread.java:116) [?:1.8.0_261]
	at java.awt.EventDispatchThread.pumpEventsForHierarchy(EventDispatchThread.java:105) [?:1.8.0_261]
	at java.awt.EventDispatchThread.pumpEvents(EventDispatchThread.java:101) [?:1.8.0_261]
	at java.awt.EventDispatchThread.pumpEvents(EventDispatchThread.java:93) [?:1.8.0_261]
	at java.awt.EventDispatchThread.run(EventDispatchThread.java:82) [?:1.8.0_261]
Caused by: java.io.IOException: CreateProcess error=2, 系统找不到指定的文件。
	at java.lang.ProcessImpl.create(Native Method) ~[?:1.8.0_261]
	at java.lang.ProcessImpl.<init>(ProcessImpl.java:444) ~[?:1.8.0_261]
	at java.lang.ProcessImpl.start(ProcessImpl.java:140) ~[?:1.8.0_261]
	at java.lang.ProcessBuilder.start(ProcessBuilder.java:1029) ~[?:1.8.0_261]
	... 41 more

2020-12-31 at 16:59:13 CST INFO  org.jingjing.action.search.Baidu 18 search - chrome
2020-12-31 at 16:59:13 CST INFO  org.jingjing.action.search.Baidu 26 search - C:\Program" "Files" "(x86)\Google\Chrome\Application\chrome.exe www.baidu.com/s?wd=.replaceAll(" ","\" \"");
2020-12-31 at 16:59:13 CST ERROR org.jingjing.action.search.Baidu 29 search - java.io.IOException: Cannot run program "C:\Program"": CreateProcess error=2, 系统找不到指定的文件。
	at java.lang.ProcessBuilder.start(ProcessBuilder.java:1048) ~[?:1.8.0_261]
	at java.lang.Runtime.exec(Runtime.java:621) ~[?:1.8.0_261]
	at java.lang.Runtime.exec(Runtime.java:451) ~[?:1.8.0_261]
	at java.lang.Runtime.exec(Runtime.java:348) ~[?:1.8.0_261]
	at org.jingjing.action.search.Baidu.search(Baidu.java:27) [classes/:?]
	at org.jingjing.window.MainWindow$1.actionPerformed(MainWindow.java:31) [classes/:?]
	at javax.swing.AbstractButton.fireActionPerformed(AbstractButton.java:2022) [?:1.8.0_261]
	at javax.swing.AbstractButton$Handler.actionPerformed(AbstractButton.java:2348) [?:1.8.0_261]
	at javax.swing.DefaultButtonModel.fireActionPerformed(DefaultButtonModel.java:402) [?:1.8.0_261]
	at javax.swing.DefaultButtonModel.setPressed(DefaultButtonModel.java:259) [?:1.8.0_261]
	at javax.swing.plaf.basic.BasicButtonListener.mouseReleased(BasicButtonListener.java:252) [?:1.8.0_261]
	at java.awt.Component.processMouseEvent(Component.java:6539) [?:1.8.0_261]
	at javax.swing.JComponent.processMouseEvent(JComponent.java:3324) [?:1.8.0_261]
	at java.awt.Component.processEvent(Component.java:6304) [?:1.8.0_261]
	at java.awt.Container.processEvent(Container.java:2239) [?:1.8.0_261]
	at java.awt.Component.dispatchEventImpl(Component.java:4889) [?:1.8.0_261]
	at java.awt.Container.dispatchEventImpl(Container.java:2297) [?:1.8.0_261]
	at java.awt.Component.dispatchEvent(Component.java:4711) [?:1.8.0_261]
	at java.awt.LightweightDispatcher.retargetMouseEvent(Container.java:4904) [?:1.8.0_261]
	at java.awt.LightweightDispatcher.processMouseEvent(Container.java:4535) [?:1.8.0_261]
	at java.awt.LightweightDispatcher.dispatchEvent(Container.java:4476) [?:1.8.0_261]
	at java.awt.Container.dispatchEventImpl(Container.java:2283) [?:1.8.0_261]
	at java.awt.Window.dispatchEventImpl(Window.java:2746) [?:1.8.0_261]
	at java.awt.Component.dispatchEvent(Component.java:4711) [?:1.8.0_261]
	at java.awt.EventQueue.dispatchEventImpl(EventQueue.java:760) [?:1.8.0_261]
	at java.awt.EventQueue.access$500(EventQueue.java:97) [?:1.8.0_261]
	at java.awt.EventQueue$3.run(EventQueue.java:709) [?:1.8.0_261]
	at java.awt.EventQueue$3.run(EventQueue.java:703) [?:1.8.0_261]
	at java.security.AccessController.doPrivileged(Native Method) ~[?:1.8.0_261]
	at java.security.ProtectionDomain$JavaSecurityAccessImpl.doIntersectionPrivilege(ProtectionDomain.java:74) [?:1.8.0_261]
	at java.security.ProtectionDomain$JavaSecurityAccessImpl.doIntersectionPrivilege(ProtectionDomain.java:84) [?:1.8.0_261]
	at java.awt.EventQueue$4.run(EventQueue.java:733) [?:1.8.0_261]
	at java.awt.EventQueue$4.run(EventQueue.java:731) [?:1.8.0_261]
	at java.security.AccessController.doPrivileged(Native Method) ~[?:1.8.0_261]
	at java.security.ProtectionDomain$JavaSecurityAccessImpl.doIntersectionPrivilege(ProtectionDomain.java:74) [?:1.8.0_261]
	at java.awt.EventQueue.dispatchEvent(EventQueue.java:730) [?:1.8.0_261]
	at java.awt.EventDispatchThread.pumpOneEventForFilters(EventDispatchThread.java:205) [?:1.8.0_261]
	at java.awt.EventDispatchThread.pumpEventsForFilter(EventDispatchThread.java:116) [?:1.8.0_261]
	at java.awt.EventDispatchThread.pumpEventsForHierarchy(EventDispatchThread.java:105) [?:1.8.0_261]
	at java.awt.EventDispatchThread.pumpEvents(EventDispatchThread.java:101) [?:1.8.0_261]
	at java.awt.EventDispatchThread.pumpEvents(EventDispatchThread.java:93) [?:1.8.0_261]
	at java.awt.EventDispatchThread.run(EventDispatchThread.java:82) [?:1.8.0_261]
Caused by: java.io.IOException: CreateProcess error=2, 系统找不到指定的文件。
	at java.lang.ProcessImpl.create(Native Method) ~[?:1.8.0_261]
	at java.lang.ProcessImpl.<init>(ProcessImpl.java:444) ~[?:1.8.0_261]
	at java.lang.ProcessImpl.start(ProcessImpl.java:140) ~[?:1.8.0_261]
	at java.lang.ProcessBuilder.start(ProcessBuilder.java:1029) ~[?:1.8.0_261]
	... 41 more

2020-12-31 at 16:59:33 CST INFO  org.jingjing.action.search.Baidu 18 search - chrome
2020-12-31 at 16:59:33 CST INFO  org.jingjing.action.search.Baidu 26 search - C:\Program//" //"Files//" //"(x86)\Google\Chrome\Application\chrome.exe www.baidu.com/s?wd=.replaceAll(" ","\" \"");
2020-12-31 at 16:59:33 CST ERROR org.jingjing.action.search.Baidu 29 search - java.io.IOException: Cannot run program "C:\Program//"": CreateProcess error=2, 系统找不到指定的文件。
	at java.lang.ProcessBuilder.start(ProcessBuilder.java:1048) ~[?:1.8.0_261]
	at java.lang.Runtime.exec(Runtime.java:621) ~[?:1.8.0_261]
	at java.lang.Runtime.exec(Runtime.java:451) ~[?:1.8.0_261]
	at java.lang.Runtime.exec(Runtime.java:348) ~[?:1.8.0_261]
	at org.jingjing.action.search.Baidu.search(Baidu.java:27) [classes/:?]
	at org.jingjing.window.MainWindow$1.actionPerformed(MainWindow.java:31) [classes/:?]
	at javax.swing.AbstractButton.fireActionPerformed(AbstractButton.java:2022) [?:1.8.0_261]
	at javax.swing.AbstractButton$Handler.actionPerformed(AbstractButton.java:2348) [?:1.8.0_261]
	at javax.swing.DefaultButtonModel.fireActionPerformed(DefaultButtonModel.java:402) [?:1.8.0_261]
	at javax.swing.DefaultButtonModel.setPressed(DefaultButtonModel.java:259) [?:1.8.0_261]
	at javax.swing.plaf.basic.BasicButtonListener.mouseReleased(BasicButtonListener.java:252) [?:1.8.0_261]
	at java.awt.Component.processMouseEvent(Component.java:6539) [?:1.8.0_261]
	at javax.swing.JComponent.processMouseEvent(JComponent.java:3324) [?:1.8.0_261]
	at java.awt.Component.processEvent(Component.java:6304) [?:1.8.0_261]
	at java.awt.Container.processEvent(Container.java:2239) [?:1.8.0_261]
	at java.awt.Component.dispatchEventImpl(Component.java:4889) [?:1.8.0_261]
	at java.awt.Container.dispatchEventImpl(Container.java:2297) [?:1.8.0_261]
	at java.awt.Component.dispatchEvent(Component.java:4711) [?:1.8.0_261]
	at java.awt.LightweightDispatcher.retargetMouseEvent(Container.java:4904) [?:1.8.0_261]
	at java.awt.LightweightDispatcher.processMouseEvent(Container.java:4535) [?:1.8.0_261]
	at java.awt.LightweightDispatcher.dispatchEvent(Container.java:4476) [?:1.8.0_261]
	at java.awt.Container.dispatchEventImpl(Container.java:2283) [?:1.8.0_261]
	at java.awt.Window.dispatchEventImpl(Window.java:2746) [?:1.8.0_261]
	at java.awt.Component.dispatchEvent(Component.java:4711) [?:1.8.0_261]
	at java.awt.EventQueue.dispatchEventImpl(EventQueue.java:760) [?:1.8.0_261]
	at java.awt.EventQueue.access$500(EventQueue.java:97) [?:1.8.0_261]
	at java.awt.EventQueue$3.run(EventQueue.java:709) [?:1.8.0_261]
	at java.awt.EventQueue$3.run(EventQueue.java:703) [?:1.8.0_261]
	at java.security.AccessController.doPrivileged(Native Method) ~[?:1.8.0_261]
	at java.security.ProtectionDomain$JavaSecurityAccessImpl.doIntersectionPrivilege(ProtectionDomain.java:74) [?:1.8.0_261]
	at java.security.ProtectionDomain$JavaSecurityAccessImpl.doIntersectionPrivilege(ProtectionDomain.java:84) [?:1.8.0_261]
	at java.awt.EventQueue$4.run(EventQueue.java:733) [?:1.8.0_261]
	at java.awt.EventQueue$4.run(EventQueue.java:731) [?:1.8.0_261]
	at java.security.AccessController.doPrivileged(Native Method) ~[?:1.8.0_261]
	at java.security.ProtectionDomain$JavaSecurityAccessImpl.doIntersectionPrivilege(ProtectionDomain.java:74) [?:1.8.0_261]
	at java.awt.EventQueue.dispatchEvent(EventQueue.java:730) [?:1.8.0_261]
	at java.awt.EventDispatchThread.pumpOneEventForFilters(EventDispatchThread.java:205) [?:1.8.0_261]
	at java.awt.EventDispatchThread.pumpEventsForFilter(EventDispatchThread.java:116) [?:1.8.0_261]
	at java.awt.EventDispatchThread.pumpEventsForHierarchy(EventDispatchThread.java:105) [?:1.8.0_261]
	at java.awt.EventDispatchThread.pumpEvents(EventDispatchThread.java:101) [?:1.8.0_261]
	at java.awt.EventDispatchThread.pumpEvents(EventDispatchThread.java:93) [?:1.8.0_261]
	at java.awt.EventDispatchThread.run(EventDispatchThread.java:82) [?:1.8.0_261]
Caused by: java.io.IOException: CreateProcess error=2, 系统找不到指定的文件。
	at java.lang.ProcessImpl.create(Native Method) ~[?:1.8.0_261]
	at java.lang.ProcessImpl.<init>(ProcessImpl.java:444) ~[?:1.8.0_261]
	at java.lang.ProcessImpl.start(ProcessImpl.java:140) ~[?:1.8.0_261]
	at java.lang.ProcessBuilder.start(ProcessBuilder.java:1029) ~[?:1.8.0_261]
	... 41 more

2020-12-31 at 17:00:11 CST INFO  org.jingjing.action.search.Baidu 18 search - chrome
2020-12-31 at 17:00:12 CST INFO  org.jingjing.action.search.Baidu 26 search - C:\Program" "Files" "(x86)\Google\Chrome\Application\chrome.exe www.baidu.com/s?wd=.replaceAll(" ","\" \"");
2020-12-31 at 17:00:12 CST ERROR org.jingjing.action.search.Baidu 29 search - java.io.IOException: Cannot run program "C:\Program"": CreateProcess error=2, 系统找不到指定的文件。
	at java.lang.ProcessBuilder.start(ProcessBuilder.java:1048) ~[?:1.8.0_261]
	at java.lang.Runtime.exec(Runtime.java:621) ~[?:1.8.0_261]
	at java.lang.Runtime.exec(Runtime.java:451) ~[?:1.8.0_261]
	at java.lang.Runtime.exec(Runtime.java:348) ~[?:1.8.0_261]
	at org.jingjing.action.search.Baidu.search(Baidu.java:27) [classes/:?]
	at org.jingjing.window.MainWindow$1.actionPerformed(MainWindow.java:31) [classes/:?]
	at javax.swing.AbstractButton.fireActionPerformed(AbstractButton.java:2022) [?:1.8.0_261]
	at javax.swing.AbstractButton$Handler.actionPerformed(AbstractButton.java:2348) [?:1.8.0_261]
	at javax.swing.DefaultButtonModel.fireActionPerformed(DefaultButtonModel.java:402) [?:1.8.0_261]
	at javax.swing.DefaultButtonModel.setPressed(DefaultButtonModel.java:259) [?:1.8.0_261]
	at javax.swing.plaf.basic.BasicButtonListener.mouseReleased(BasicButtonListener.java:252) [?:1.8.0_261]
	at java.awt.Component.processMouseEvent(Component.java:6539) [?:1.8.0_261]
	at javax.swing.JComponent.processMouseEvent(JComponent.java:3324) [?:1.8.0_261]
	at java.awt.Component.processEvent(Component.java:6304) [?:1.8.0_261]
	at java.awt.Container.processEvent(Container.java:2239) [?:1.8.0_261]
	at java.awt.Component.dispatchEventImpl(Component.java:4889) [?:1.8.0_261]
	at java.awt.Container.dispatchEventImpl(Container.java:2297) [?:1.8.0_261]
	at java.awt.Component.dispatchEvent(Component.java:4711) [?:1.8.0_261]
	at java.awt.LightweightDispatcher.retargetMouseEvent(Container.java:4904) [?:1.8.0_261]
	at java.awt.LightweightDispatcher.processMouseEvent(Container.java:4535) [?:1.8.0_261]
	at java.awt.LightweightDispatcher.dispatchEvent(Container.java:4476) [?:1.8.0_261]
	at java.awt.Container.dispatchEventImpl(Container.java:2283) [?:1.8.0_261]
	at java.awt.Window.dispatchEventImpl(Window.java:2746) [?:1.8.0_261]
	at java.awt.Component.dispatchEvent(Component.java:4711) [?:1.8.0_261]
	at java.awt.EventQueue.dispatchEventImpl(EventQueue.java:760) [?:1.8.0_261]
	at java.awt.EventQueue.access$500(EventQueue.java:97) [?:1.8.0_261]
	at java.awt.EventQueue$3.run(EventQueue.java:709) [?:1.8.0_261]
	at java.awt.EventQueue$3.run(EventQueue.java:703) [?:1.8.0_261]
	at java.security.AccessController.doPrivileged(Native Method) ~[?:1.8.0_261]
	at java.security.ProtectionDomain$JavaSecurityAccessImpl.doIntersectionPrivilege(ProtectionDomain.java:74) [?:1.8.0_261]
	at java.security.ProtectionDomain$JavaSecurityAccessImpl.doIntersectionPrivilege(ProtectionDomain.java:84) [?:1.8.0_261]
	at java.awt.EventQueue$4.run(EventQueue.java:733) [?:1.8.0_261]
	at java.awt.EventQueue$4.run(EventQueue.java:731) [?:1.8.0_261]
	at java.security.AccessController.doPrivileged(Native Method) ~[?:1.8.0_261]
	at java.security.ProtectionDomain$JavaSecurityAccessImpl.doIntersectionPrivilege(ProtectionDomain.java:74) [?:1.8.0_261]
	at java.awt.EventQueue.dispatchEvent(EventQueue.java:730) [?:1.8.0_261]
	at java.awt.EventDispatchThread.pumpOneEventForFilters(EventDispatchThread.java:205) [?:1.8.0_261]
	at java.awt.EventDispatchThread.pumpEventsForFilter(EventDispatchThread.java:116) [?:1.8.0_261]
	at java.awt.EventDispatchThread.pumpEventsForHierarchy(EventDispatchThread.java:105) [?:1.8.0_261]
	at java.awt.EventDispatchThread.pumpEvents(EventDispatchThread.java:101) [?:1.8.0_261]
	at java.awt.EventDispatchThread.pumpEvents(EventDispatchThread.java:93) [?:1.8.0_261]
	at java.awt.EventDispatchThread.run(EventDispatchThread.java:82) [?:1.8.0_261]
Caused by: java.io.IOException: CreateProcess error=2, 系统找不到指定的文件。
	at java.lang.ProcessImpl.create(Native Method) ~[?:1.8.0_261]
	at java.lang.ProcessImpl.<init>(ProcessImpl.java:444) ~[?:1.8.0_261]
	at java.lang.ProcessImpl.start(ProcessImpl.java:140) ~[?:1.8.0_261]
	at java.lang.ProcessBuilder.start(ProcessBuilder.java:1029) ~[?:1.8.0_261]
	... 41 more

2020-12-31 at 17:00:56 CST INFO  org.jingjing.action.search.Baidu 18 search - chrome
2020-12-31 at 17:00:57 CST ERROR org.jingjing.action.search.Baidu 29 search - java.io.IOException: Cannot run program "C:\Program": CreateProcess error=2, 系统找不到指定的文件。
	at java.lang.ProcessBuilder.start(ProcessBuilder.java:1048) ~[?:1.8.0_261]
	at java.lang.Runtime.exec(Runtime.java:621) ~[?:1.8.0_261]
	at java.lang.Runtime.exec(Runtime.java:451) ~[?:1.8.0_261]
	at java.lang.Runtime.exec(Runtime.java:348) ~[?:1.8.0_261]
	at org.jingjing.action.search.Baidu.search(Baidu.java:22) [classes/:?]
	at org.jingjing.window.MainWindow$1.actionPerformed(MainWindow.java:31) [classes/:?]
	at javax.swing.AbstractButton.fireActionPerformed(AbstractButton.java:2022) [?:1.8.0_261]
	at javax.swing.AbstractButton$Handler.actionPerformed(AbstractButton.java:2348) [?:1.8.0_261]
	at javax.swing.DefaultButtonModel.fireActionPerformed(DefaultButtonModel.java:402) [?:1.8.0_261]
	at javax.swing.DefaultButtonModel.setPressed(DefaultButtonModel.java:259) [?:1.8.0_261]
	at javax.swing.plaf.basic.BasicButtonListener.mouseReleased(BasicButtonListener.java:252) [?:1.8.0_261]
	at java.awt.Component.processMouseEvent(Component.java:6539) [?:1.8.0_261]
	at javax.swing.JComponent.processMouseEvent(JComponent.java:3324) [?:1.8.0_261]
	at java.awt.Component.processEvent(Component.java:6304) [?:1.8.0_261]
	at java.awt.Container.processEvent(Container.java:2239) [?:1.8.0_261]
	at java.awt.Component.dispatchEventImpl(Component.java:4889) [?:1.8.0_261]
	at java.awt.Container.dispatchEventImpl(Container.java:2297) [?:1.8.0_261]
	at java.awt.Component.dispatchEvent(Component.java:4711) [?:1.8.0_261]
	at java.awt.LightweightDispatcher.retargetMouseEvent(Container.java:4904) [?:1.8.0_261]
	at java.awt.LightweightDispatcher.processMouseEvent(Container.java:4535) [?:1.8.0_261]
	at java.awt.LightweightDispatcher.dispatchEvent(Container.java:4476) [?:1.8.0_261]
	at java.awt.Container.dispatchEventImpl(Container.java:2283) [?:1.8.0_261]
	at java.awt.Window.dispatchEventImpl(Window.java:2746) [?:1.8.0_261]
	at java.awt.Component.dispatchEvent(Component.java:4711) [?:1.8.0_261]
	at java.awt.EventQueue.dispatchEventImpl(EventQueue.java:760) [?:1.8.0_261]
	at java.awt.EventQueue.access$500(EventQueue.java:97) [?:1.8.0_261]
	at java.awt.EventQueue$3.run(EventQueue.java:709) [?:1.8.0_261]
	at java.awt.EventQueue$3.run(EventQueue.java:703) [?:1.8.0_261]
	at java.security.AccessController.doPrivileged(Native Method) ~[?:1.8.0_261]
	at java.security.ProtectionDomain$JavaSecurityAccessImpl.doIntersectionPrivilege(ProtectionDomain.java:74) [?:1.8.0_261]
	at java.security.ProtectionDomain$JavaSecurityAccessImpl.doIntersectionPrivilege(ProtectionDomain.java:84) [?:1.8.0_261]
	at java.awt.EventQueue$4.run(EventQueue.java:733) [?:1.8.0_261]
	at java.awt.EventQueue$4.run(EventQueue.java:731) [?:1.8.0_261]
	at java.security.AccessController.doPrivileged(Native Method) ~[?:1.8.0_261]
	at java.security.ProtectionDomain$JavaSecurityAccessImpl.doIntersectionPrivilege(ProtectionDomain.java:74) [?:1.8.0_261]
	at java.awt.EventQueue.dispatchEvent(EventQueue.java:730) [?:1.8.0_261]
	at java.awt.EventDispatchThread.pumpOneEventForFilters(EventDispatchThread.java:205) [?:1.8.0_261]
	at java.awt.EventDispatchThread.pumpEventsForFilter(EventDispatchThread.java:116) [?:1.8.0_261]
	at java.awt.EventDispatchThread.pumpEventsForHierarchy(EventDispatchThread.java:105) [?:1.8.0_261]
	at java.awt.EventDispatchThread.pumpEvents(EventDispatchThread.java:101) [?:1.8.0_261]
	at java.awt.EventDispatchThread.pumpEvents(EventDispatchThread.java:93) [?:1.8.0_261]
	at java.awt.EventDispatchThread.run(EventDispatchThread.java:82) [?:1.8.0_261]
Caused by: java.io.IOException: CreateProcess error=2, 系统找不到指定的文件。
	at java.lang.ProcessImpl.create(Native Method) ~[?:1.8.0_261]
	at java.lang.ProcessImpl.<init>(ProcessImpl.java:444) ~[?:1.8.0_261]
	at java.lang.ProcessImpl.start(ProcessImpl.java:140) ~[?:1.8.0_261]
	at java.lang.ProcessBuilder.start(ProcessBuilder.java:1029) ~[?:1.8.0_261]
	... 41 more

2020-12-31 at 17:01:28 CST INFO  org.jingjing.action.search.Baidu 18 search - chrome
2020-12-31 at 17:01:28 CST ERROR org.jingjing.action.search.Baidu 29 search - java.io.IOException: Cannot run program "C:\Program"": CreateProcess error=2, 系统找不到指定的文件。
	at java.lang.ProcessBuilder.start(ProcessBuilder.java:1048) ~[?:1.8.0_261]
	at java.lang.Runtime.exec(Runtime.java:621) ~[?:1.8.0_261]
	at java.lang.Runtime.exec(Runtime.java:451) ~[?:1.8.0_261]
	at java.lang.Runtime.exec(Runtime.java:348) ~[?:1.8.0_261]
	at org.jingjing.action.search.Baidu.search(Baidu.java:22) [classes/:?]
	at org.jingjing.window.MainWindow$1.actionPerformed(MainWindow.java:31) [classes/:?]
	at javax.swing.AbstractButton.fireActionPerformed(AbstractButton.java:2022) [?:1.8.0_261]
	at javax.swing.AbstractButton$Handler.actionPerformed(AbstractButton.java:2348) [?:1.8.0_261]
	at javax.swing.DefaultButtonModel.fireActionPerformed(DefaultButtonModel.java:402) [?:1.8.0_261]
	at javax.swing.DefaultButtonModel.setPressed(DefaultButtonModel.java:259) [?:1.8.0_261]
	at javax.swing.plaf.basic.BasicButtonListener.mouseReleased(BasicButtonListener.java:252) [?:1.8.0_261]
	at java.awt.Component.processMouseEvent(Component.java:6539) [?:1.8.0_261]
	at javax.swing.JComponent.processMouseEvent(JComponent.java:3324) [?:1.8.0_261]
	at java.awt.Component.processEvent(Component.java:6304) [?:1.8.0_261]
	at java.awt.Container.processEvent(Container.java:2239) [?:1.8.0_261]
	at java.awt.Component.dispatchEventImpl(Component.java:4889) [?:1.8.0_261]
	at java.awt.Container.dispatchEventImpl(Container.java:2297) [?:1.8.0_261]
	at java.awt.Component.dispatchEvent(Component.java:4711) [?:1.8.0_261]
	at java.awt.LightweightDispatcher.retargetMouseEvent(Container.java:4904) [?:1.8.0_261]
	at java.awt.LightweightDispatcher.processMouseEvent(Container.java:4535) [?:1.8.0_261]
	at java.awt.LightweightDispatcher.dispatchEvent(Container.java:4476) [?:1.8.0_261]
	at java.awt.Container.dispatchEventImpl(Container.java:2283) [?:1.8.0_261]
	at java.awt.Window.dispatchEventImpl(Window.java:2746) [?:1.8.0_261]
	at java.awt.Component.dispatchEvent(Component.java:4711) [?:1.8.0_261]
	at java.awt.EventQueue.dispatchEventImpl(EventQueue.java:760) [?:1.8.0_261]
	at java.awt.EventQueue.access$500(EventQueue.java:97) [?:1.8.0_261]
	at java.awt.EventQueue$3.run(EventQueue.java:709) [?:1.8.0_261]
	at java.awt.EventQueue$3.run(EventQueue.java:703) [?:1.8.0_261]
	at java.security.AccessController.doPrivileged(Native Method) ~[?:1.8.0_261]
	at java.security.ProtectionDomain$JavaSecurityAccessImpl.doIntersectionPrivilege(ProtectionDomain.java:74) [?:1.8.0_261]
	at java.security.ProtectionDomain$JavaSecurityAccessImpl.doIntersectionPrivilege(ProtectionDomain.java:84) [?:1.8.0_261]
	at java.awt.EventQueue$4.run(EventQueue.java:733) [?:1.8.0_261]
	at java.awt.EventQueue$4.run(EventQueue.java:731) [?:1.8.0_261]
	at java.security.AccessController.doPrivileged(Native Method) ~[?:1.8.0_261]
	at java.security.ProtectionDomain$JavaSecurityAccessImpl.doIntersectionPrivilege(ProtectionDomain.java:74) [?:1.8.0_261]
	at java.awt.EventQueue.dispatchEvent(EventQueue.java:730) [?:1.8.0_261]
	at java.awt.EventDispatchThread.pumpOneEventForFilters(EventDispatchThread.java:205) [?:1.8.0_261]
	at java.awt.EventDispatchThread.pumpEventsForFilter(EventDispatchThread.java:116) [?:1.8.0_261]
	at java.awt.EventDispatchThread.pumpEventsForHierarchy(EventDispatchThread.java:105) [?:1.8.0_261]
	at java.awt.EventDispatchThread.pumpEvents(EventDispatchThread.java:101) [?:1.8.0_261]
	at java.awt.EventDispatchThread.pumpEvents(EventDispatchThread.java:93) [?:1.8.0_261]
	at java.awt.EventDispatchThread.run(EventDispatchThread.java:82) [?:1.8.0_261]
Caused by: java.io.IOException: CreateProcess error=2, 系统找不到指定的文件。
	at java.lang.ProcessImpl.create(Native Method) ~[?:1.8.0_261]
	at java.lang.ProcessImpl.<init>(ProcessImpl.java:444) ~[?:1.8.0_261]
	at java.lang.ProcessImpl.start(ProcessImpl.java:140) ~[?:1.8.0_261]
	at java.lang.ProcessBuilder.start(ProcessBuilder.java:1029) ~[?:1.8.0_261]
	... 41 more

2020-12-31 at 17:03:17 CST INFO  org.jingjing.action.search.Baidu 18 search - chrome
2020-12-31 at 17:03:17 CST INFO  org.jingjing.action.search.Baidu 26 search - C:\Program" "Files" "(x86)\Google\Chrome\Application\chrome.exe www.baidu.com/s?wd="cmd.exe /c "
2020-12-31 at 17:03:17 CST INFO  org.jingjing.action.search.Baidu 18 search - chrome
2020-12-31 at 17:03:17 CST INFO  org.jingjing.action.search.Baidu 26 search - C:\Program" "Files" "(x86)\Google\Chrome\Application\chrome.exe www.baidu.com/s?wd="cmd.exe /c "
2020-12-31 at 17:03:50 CST INFO  org.jingjing.action.search.Baidu 18 search - chrome
2020-12-31 at 17:03:50 CST ERROR org.jingjing.action.search.Baidu 29 search - java.io.IOException: Cannot run program "C:\Program"": CreateProcess error=2, 系统找不到指定的文件。
	at java.lang.ProcessBuilder.start(ProcessBuilder.java:1048) ~[?:1.8.0_261]
	at java.lang.Runtime.exec(Runtime.java:621) ~[?:1.8.0_261]
	at java.lang.Runtime.exec(Runtime.java:451) ~[?:1.8.0_261]
	at java.lang.Runtime.exec(Runtime.java:348) ~[?:1.8.0_261]
	at org.jingjing.action.search.Baidu.search(Baidu.java:22) [classes/:?]
	at org.jingjing.window.MainWindow$1.actionPerformed(MainWindow.java:31) [classes/:?]
	at javax.swing.AbstractButton.fireActionPerformed(AbstractButton.java:2022) [?:1.8.0_261]
	at javax.swing.AbstractButton$Handler.actionPerformed(AbstractButton.java:2348) [?:1.8.0_261]
	at javax.swing.DefaultButtonModel.fireActionPerformed(DefaultButtonModel.java:402) [?:1.8.0_261]
	at javax.swing.DefaultButtonModel.setPressed(DefaultButtonModel.java:259) [?:1.8.0_261]
	at javax.swing.plaf.basic.BasicButtonListener.mouseReleased(BasicButtonListener.java:252) [?:1.8.0_261]
	at java.awt.Component.processMouseEvent(Component.java:6539) [?:1.8.0_261]
	at javax.swing.JComponent.processMouseEvent(JComponent.java:3324) [?:1.8.0_261]
	at java.awt.Component.processEvent(Component.java:6304) [?:1.8.0_261]
	at java.awt.Container.processEvent(Container.java:2239) [?:1.8.0_261]
	at java.awt.Component.dispatchEventImpl(Component.java:4889) [?:1.8.0_261]
	at java.awt.Container.dispatchEventImpl(Container.java:2297) [?:1.8.0_261]
	at java.awt.Component.dispatchEvent(Component.java:4711) [?:1.8.0_261]
	at java.awt.LightweightDispatcher.retargetMouseEvent(Container.java:4904) [?:1.8.0_261]
	at java.awt.LightweightDispatcher.processMouseEvent(Container.java:4535) [?:1.8.0_261]
	at java.awt.LightweightDispatcher.dispatchEvent(Container.java:4476) [?:1.8.0_261]
	at java.awt.Container.dispatchEventImpl(Container.java:2283) [?:1.8.0_261]
	at java.awt.Window.dispatchEventImpl(Window.java:2746) [?:1.8.0_261]
	at java.awt.Component.dispatchEvent(Component.java:4711) [?:1.8.0_261]
	at java.awt.EventQueue.dispatchEventImpl(EventQueue.java:760) [?:1.8.0_261]
	at java.awt.EventQueue.access$500(EventQueue.java:97) [?:1.8.0_261]
	at java.awt.EventQueue$3.run(EventQueue.java:709) [?:1.8.0_261]
	at java.awt.EventQueue$3.run(EventQueue.java:703) [?:1.8.0_261]
	at java.security.AccessController.doPrivileged(Native Method) ~[?:1.8.0_261]
	at java.security.ProtectionDomain$JavaSecurityAccessImpl.doIntersectionPrivilege(ProtectionDomain.java:74) [?:1.8.0_261]
	at java.security.ProtectionDomain$JavaSecurityAccessImpl.doIntersectionPrivilege(ProtectionDomain.java:84) [?:1.8.0_261]
	at java.awt.EventQueue$4.run(EventQueue.java:733) [?:1.8.0_261]
	at java.awt.EventQueue$4.run(EventQueue.java:731) [?:1.8.0_261]
	at java.security.AccessController.doPrivileged(Native Method) ~[?:1.8.0_261]
	at java.security.ProtectionDomain$JavaSecurityAccessImpl.doIntersectionPrivilege(ProtectionDomain.java:74) [?:1.8.0_261]
	at java.awt.EventQueue.dispatchEvent(EventQueue.java:730) [?:1.8.0_261]
	at java.awt.EventDispatchThread.pumpOneEventForFilters(EventDispatchThread.java:205) [?:1.8.0_261]
	at java.awt.EventDispatchThread.pumpEventsForFilter(EventDispatchThread.java:116) [?:1.8.0_261]
	at java.awt.EventDispatchThread.pumpEventsForHierarchy(EventDispatchThread.java:105) [?:1.8.0_261]
	at java.awt.EventDispatchThread.pumpEvents(EventDispatchThread.java:101) [?:1.8.0_261]
	at java.awt.EventDispatchThread.pumpEvents(EventDispatchThread.java:93) [?:1.8.0_261]
	at java.awt.EventDispatchThread.run(EventDispatchThread.java:82) [?:1.8.0_261]
Caused by: java.io.IOException: CreateProcess error=2, 系统找不到指定的文件。
	at java.lang.ProcessImpl.create(Native Method) ~[?:1.8.0_261]
	at java.lang.ProcessImpl.<init>(ProcessImpl.java:444) ~[?:1.8.0_261]
	at java.lang.ProcessImpl.start(ProcessImpl.java:140) ~[?:1.8.0_261]
	at java.lang.ProcessBuilder.start(ProcessBuilder.java:1029) ~[?:1.8.0_261]
	... 41 more

2020-12-31 at 17:08:29 CST INFO  org.jingjing.action.search.Baidu 18 search - chrome
2020-12-31 at 17:08:29 CST INFO  org.jingjing.action.search.Baidu 26 search - C:\Program" "Files" "(x86)\Google\Chrome\Application\chrome.exe www.baidu.com/s?wd=cmd /c start 
2020-12-31 at 17:11:04 CST INFO  org.jingjing.action.search.Baidu 18 search - chrome
2020-12-31 at 17:11:04 CST INFO  org.jingjing.action.search.Baidu 26 search - C:\Program" "Files" "(x86)\Google\Chrome\Application\chrome.exe www.baidu.com/s?wd="C:\Program Files (x86)\Google\Chrome\Application\chrome.exe
2020-12-31 at 17:11:34 CST INFO  org.jingjing.action.search.Baidu 18 search - chrome
2020-12-31 at 17:11:34 CST ERROR org.jingjing.action.search.Baidu 29 search - java.io.IOException: Cannot run program "C:\Program"": CreateProcess error=2, 系统找不到指定的文件。
	at java.lang.ProcessBuilder.start(ProcessBuilder.java:1048) ~[?:1.8.0_261]
	at java.lang.Runtime.exec(Runtime.java:621) ~[?:1.8.0_261]
	at java.lang.Runtime.exec(Runtime.java:451) ~[?:1.8.0_261]
	at java.lang.Runtime.exec(Runtime.java:348) ~[?:1.8.0_261]
	at org.jingjing.action.search.Baidu.search(Baidu.java:22) [classes/:?]
	at org.jingjing.window.MainWindow$1.actionPerformed(MainWindow.java:31) [classes/:?]
	at javax.swing.AbstractButton.fireActionPerformed(AbstractButton.java:2022) [?:1.8.0_261]
	at javax.swing.AbstractButton$Handler.actionPerformed(AbstractButton.java:2348) [?:1.8.0_261]
	at javax.swing.DefaultButtonModel.fireActionPerformed(DefaultButtonModel.java:402) [?:1.8.0_261]
	at javax.swing.DefaultButtonModel.setPressed(DefaultButtonModel.java:259) [?:1.8.0_261]
	at javax.swing.plaf.basic.BasicButtonListener.mouseReleased(BasicButtonListener.java:252) [?:1.8.0_261]
	at java.awt.Component.processMouseEvent(Component.java:6539) [?:1.8.0_261]
	at javax.swing.JComponent.processMouseEvent(JComponent.java:3324) [?:1.8.0_261]
	at java.awt.Component.processEvent(Component.java:6304) [?:1.8.0_261]
	at java.awt.Container.processEvent(Container.java:2239) [?:1.8.0_261]
	at java.awt.Component.dispatchEventImpl(Component.java:4889) [?:1.8.0_261]
	at java.awt.Container.dispatchEventImpl(Container.java:2297) [?:1.8.0_261]
	at java.awt.Component.dispatchEvent(Component.java:4711) [?:1.8.0_261]
	at java.awt.LightweightDispatcher.retargetMouseEvent(Container.java:4904) [?:1.8.0_261]
	at java.awt.LightweightDispatcher.processMouseEvent(Container.java:4535) [?:1.8.0_261]
	at java.awt.LightweightDispatcher.dispatchEvent(Container.java:4476) [?:1.8.0_261]
	at java.awt.Container.dispatchEventImpl(Container.java:2283) [?:1.8.0_261]
	at java.awt.Window.dispatchEventImpl(Window.java:2746) [?:1.8.0_261]
	at java.awt.Component.dispatchEvent(Component.java:4711) [?:1.8.0_261]
	at java.awt.EventQueue.dispatchEventImpl(EventQueue.java:760) [?:1.8.0_261]
	at java.awt.EventQueue.access$500(EventQueue.java:97) [?:1.8.0_261]
	at java.awt.EventQueue$3.run(EventQueue.java:709) [?:1.8.0_261]
	at java.awt.EventQueue$3.run(EventQueue.java:703) [?:1.8.0_261]
	at java.security.AccessController.doPrivileged(Native Method) ~[?:1.8.0_261]
	at java.security.ProtectionDomain$JavaSecurityAccessImpl.doIntersectionPrivilege(ProtectionDomain.java:74) [?:1.8.0_261]
	at java.security.ProtectionDomain$JavaSecurityAccessImpl.doIntersectionPrivilege(ProtectionDomain.java:84) [?:1.8.0_261]
	at java.awt.EventQueue$4.run(EventQueue.java:733) [?:1.8.0_261]
	at java.awt.EventQueue$4.run(EventQueue.java:731) [?:1.8.0_261]
	at java.security.AccessController.doPrivileged(Native Method) ~[?:1.8.0_261]
	at java.security.ProtectionDomain$JavaSecurityAccessImpl.doIntersectionPrivilege(ProtectionDomain.java:74) [?:1.8.0_261]
	at java.awt.EventQueue.dispatchEvent(EventQueue.java:730) [?:1.8.0_261]
	at java.awt.EventDispatchThread.pumpOneEventForFilters(EventDispatchThread.java:205) [?:1.8.0_261]
	at java.awt.EventDispatchThread.pumpEventsForFilter(EventDispatchThread.java:116) [?:1.8.0_261]
	at java.awt.EventDispatchThread.pumpEventsForHierarchy(EventDispatchThread.java:105) [?:1.8.0_261]
	at java.awt.EventDispatchThread.pumpEvents(EventDispatchThread.java:101) [?:1.8.0_261]
	at java.awt.EventDispatchThread.pumpEvents(EventDispatchThread.java:93) [?:1.8.0_261]
	at java.awt.EventDispatchThread.run(EventDispatchThread.java:82) [?:1.8.0_261]
Caused by: java.io.IOException: CreateProcess error=2, 系统找不到指定的文件。
	at java.lang.ProcessImpl.create(Native Method) ~[?:1.8.0_261]
	at java.lang.ProcessImpl.<init>(ProcessImpl.java:444) ~[?:1.8.0_261]
	at java.lang.ProcessImpl.start(ProcessImpl.java:140) ~[?:1.8.0_261]
	at java.lang.ProcessBuilder.start(ProcessBuilder.java:1029) ~[?:1.8.0_261]
	... 41 more

2020-12-31 at 17:12:34 CST INFO  org.jingjing.action.search.Baidu 18 search - chrome
2020-12-31 at 17:12:34 CST INFO  org.jingjing.action.search.Baidu 25 search - cmd /c start C:\Program" "Files\Google\Chrome\Application\chrome.exe www.baidu.com/s?wd=PropertiesUtil
2020-12-31 at 17:12:58 CST INFO  org.jingjing.action.search.Baidu 18 search - chrome
2020-12-31 at 17:12:58 CST INFO  org.jingjing.action.search.Baidu 25 search - cmd /c start C:\Program" "Files\Google\Chrome\Application\chrome.exe www.baidu.com/s?wd=a"while c
2020-12-31 at 17:13:19 CST INFO  org.jingjing.action.search.Baidu 18 search - chrome
2020-12-31 at 17:13:19 CST INFO  org.jingjing.action.search.Baidu 25 search - cmd /c start C:\Program" "Files\Google\Chrome\Application\chrome.exe www.baidu.com/s?wd=a"while c
2020-12-31 at 17:13:19 CST INFO  org.jingjing.action.search.Baidu 18 search - chrome
2020-12-31 at 17:13:19 CST INFO  org.jingjing.action.search.Baidu 25 search - cmd /c start C:\Program" "Files\Google\Chrome\Application\chrome.exe www.baidu.com/s?wd=a"while c
2020-12-31 at 17:13:32 CST INFO  org.jingjing.action.search.Baidu 18 search - chrome
2020-12-31 at 17:13:32 CST INFO  org.jingjing.action.search.Baidu 25 search - cmd /c start C:\Program" "Files\Google\Chrome\Application\chrome.exe www.baidu.com/s?wd=a"while c
2020-12-31 at 17:18:02 CST INFO  org.jingjing.action.search.Baidu 18 search - 360
2020-12-31 at 17:18:02 CST INFO  org.jingjing.action.search.Baidu 25 search - cmd /c start C:\Users\Administrator\AppData\Roaming\360se6\Application\360se.exe www.baidu.com/s?wd=C:\Users\Administrator\AppData\Roaming\360se6\Application\360se.exe
2020-12-31 at 17:18:22 CST INFO  org.jingjing.action.search.Baidu 18 search - 360
2020-12-31 at 17:18:23 CST INFO  org.jingjing.action.search.Baidu 25 search - cmd /c start C:\Users\Administrator\AppData\Roaming\360se6\Application\360se.exe www.baidu.com/s?wd=Administrator
2020-12-31 at 17:34:31 CST INFO  org.jingjing.action.search.Baidu 18 search - 360
2020-12-31 at 17:34:31 CST INFO  org.jingjing.action.search.Baidu 25 search - cmd /c start C:\Users\Administrator\AppData\Roaming\360se6\Application\360se.exe www.baidu.com/s?wd=Runtime.getRuntime().exec(cmd)
2020-12-31 at 17:36:22 CST INFO  org.jingjing.Ping 14 ping - cmd /c ping tionListene
2020-12-31 at 17:36:26 CST INFO  org.jingjing.Ping 14 ping - cmd /c ping tionListene
2020-12-31 at 17:37:52 CST INFO  org.jingjing.Ping 14 ping - cmd /c start  ping untime
2020-12-31 at 17:38:16 CST INFO  org.jingjing.Ping 14 ping - cmd /c start  ping 172.18.1.24
2020-12-31 at 17:38:37 CST INFO  org.jingjing.Ping 14 ping - cmd /c start  ping 172.16.1.16:7086
2020-12-31 at 17:38:37 CST INFO  org.jingjing.Ping 14 ping - cmd /c start  ping 172.16.1.16:7086
2020-12-31 at 17:38:42 CST INFO  org.jingjing.Ping 14 ping - cmd /c start  ping 172.16.1.16:7086
2020-12-31 at 17:38:44 CST INFO  org.jingjing.Ping 14 ping - cmd /c start  ping 172.16.1.16:7086
2020-12-31 at 17:40:14 CST INFO  org.jingjing.Ping 14 ping - cmd /c start  ping &pause&pause
2020-12-31 at 17:40:16 CST INFO  org.jingjing.Ping 14 ping - cmd /c start  ping &pause&pause
2020-12-31 at 17:40:19 CST INFO  org.jingjing.Ping 14 ping - cmd /c start  ping &pause&pause
2020-12-31 at 17:40:51 CST INFO  org.jingjing.Ping 14 ping - cmd /k start  ping &pause
2020-12-31 at 17:40:57 CST INFO  org.jingjing.Ping 14 ping - cmd /k start  ping &pause
2020-12-31 at 17:40:59 CST INFO  org.jingjing.Ping 14 ping - cmd /k start  ping &pause
2020-12-31 at 17:41:00 CST INFO  org.jingjing.Ping 14 ping - cmd /k start  ping &pause
2020-12-31 at 17:43:56 CST INFO  org.jingjing.Ping 14 ping - cmd /k start  ping 172.16.1.16:7086
2020-12-31 at 17:43:59 CST INFO  org.jingjing.Ping 14 ping - cmd /k start  ping 172.16.1.16:7086
2020-12-31 at 17:44:00 CST INFO  org.jingjing.Ping 14 ping - cmd /k start  ping 172.16.1.16:7086
2020-12-31 at 17:44:22 CST INFO  org.jingjing.Ping 14 ping - cmd /k start  ping 172.16.1.16:7086 & pause
2020-12-31 at 17:44:38 CST INFO  org.jingjing.Ping 14 ping - cmd /k start  ping 172.16.1.16 & pause
2020-12-31 at 17:44:45 CST INFO  org.jingjing.Ping 14 ping - cmd /k start  ping 172.16.1.16 & pause
2020-12-31 at 17:44:45 CST INFO  org.jingjing.Ping 14 ping - cmd /k start  ping 172.16.1.16 & pause
2020-12-31 at 17:44:59 CST INFO  org.jingjing.Ping 14 ping - cmd /k start  ping 172.16.1.16
2020-12-31 at 17:45:13 CST INFO  org.jingjing.Ping 14 ping - cmd /K start  ping 172.16.1.16
2020-12-31 at 17:45:56 CST INFO  org.jingjing.Ping 14 ping - cmd /k  ping 172.16.1.16
2020-12-31 at 17:47:41 CST INFO  org.jingjing.Ping 14 ping - cmd /k start  ping 172.16.1.16 & PAUSE
2020-12-31 at 17:49:43 CST INFO  org.jingjing.Ping 14 ping - cmd /k start  PAUSE
2020-12-31 at 17:49:43 CST INFO  org.jingjing.Ping 14 ping - cmd /k start  PAUSE
2020-12-31 at 17:50:01 CST INFO  org.jingjing.Ping 14 ping - cmd /k start  ping PAUSE PAUSE
2020-12-31 at 17:50:09 CST INFO  org.jingjing.Ping 14 ping - cmd /k start  ping 172.16.1.16 PAUSE
2020-12-31 at 17:50:20 CST INFO  org.jingjing.Ping 14 ping - cmd /k start  ping 172.16.1.16 PAUSE
2020-12-31 at 17:50:20 CST INFO  org.jingjing.Ping 14 ping - cmd /k start  ping 172.16.1.16 PAUSE
2020-12-31 at 17:50:35 CST INFO  org.jingjing.Ping 14 ping - cmd /k start  ping 172.16.1.16& PAUSE
2020-12-31 at 17:50:56 CST INFO  org.jingjing.Ping 14 ping - cmd /k start  ping 172.16.1.16&PAUSE
2020-12-31 at 17:52:20 CST INFO  org.jingjing.Ping 14 ping - cmd /k start  ping 172.16.1.16&&PAUSE
2020-12-31 at 17:53:10 CST INFO  org.jingjing.Ping 14 ping - cmd /k start  ping Process process = Runtime.getRuntime().exec(cmd);

process.waitFor();

process.exitValue() ;

&&PAUSE
2020-12-31 at 17:53:44 CST INFO  org.jingjing.Ping 14 ping - cmd /k start  ping 172.16.1.16&&PAUSE
2020-12-31 at 17:54:26 CST INFO  org.jingjing.Ping 14 ping - cmd /k start  ping 172.16.1.16&& start PAUSE
2020-12-31 at 17:54:57 CST INFO  org.jingjing.Ping 14 ping - cmd /k start  ping 172.16.1.16&& start PAUSE
2020-12-31 at 17:55:12 CST INFO  org.jingjing.Ping 14 ping - cmd /k start  ping 172.16.1.16&& PAUSE
2020-12-31 at 17:55:24 CST INFO  org.jingjing.Ping 14 ping - cmd /k start  ping 172.16.1.16&& PAUSE
2020-12-31 at 17:55:48 CST INFO  org.jingjing.Ping 14 ping - cmd /k  ping 172.16.1.16&& PAUSE
2020-12-31 at 17:56:00 CST INFO  org.jingjing.Ping 14 ping - cmd.exe /k  ping 172.16.1.16&& PAUSE
2020-12-31 at 17:56:04 CST INFO  org.jingjing.Ping 14 ping - cmd.exe /k  ping 172.16.1.16&& PAUSE
2020-12-31 at 17:57:22 CST INFO  org.jingjing.Ping 14 ping - cmd /c cmd.exe /c   ping cmd.exe /c && PAUSE
2020-12-31 at 17:57:26 CST INFO  org.jingjing.Ping 14 ping - cmd /c cmd.exe /c   ping cmd.exe /c && PAUSE
2020-12-31 at 17:57:51 CST INFO  org.jingjing.Ping 14 ping - cmd /c start cmd.exe /c   ping cmd.exe /c && PAUSE
2020-12-31 at 17:57:51 CST INFO  org.jingjing.Ping 14 ping - cmd /c start cmd.exe /c   ping cmd.exe /c && PAUSE
2020-12-31 at 17:57:57 CST INFO  org.jingjing.Ping 14 ping - cmd /c start cmd.exe /c   ping 172.16.1.16&& PAUSE
2020-12-31 at 17:58:15 CST INFO  org.jingjing.Ping 14 ping - cmd /k start cmd.exe /c   ping 172.16.1.16&& PAUSE
2020-12-31 at 17:58:29 CST INFO  org.jingjing.Ping 14 ping - cmd /k start cmd.exe /k   ping 172.16.1.16&& PAUSE
2020-12-31 at 17:58:54 CST INFO  org.jingjing.Ping 14 ping - cmd /c start cmd.exe /k   ping 172.16.1.16
2020-12-31 at 17:59:10 CST INFO  org.jingjing.Ping 14 ping - cmd /c start cmd.exe /k   ping nUtil.ge
2020-12-31 at 18:00:27 CST INFO  org.jingjing.Ping 14 ping - cmd /c start cmd.exe /k   ping nUtil.ge
2020-12-31 at 18:00:27 CST INFO  org.jingjing.Ping 14 ping - cmd /c start cmd.exe /k   ping nUtil.ge
2020-12-31 at 18:00:32 CST INFO  org.jingjing.Ping 14 ping - cmd /c start cmd.exe /k   ping nUtil.ge
2020-12-31 at 18:24:36 CST INFO  org.jingjing.action.search.Baidu 18 search - 360
2020-12-31 at 18:24:36 CST INFO  org.jingjing.action.search.Baidu 25 search - cmd /c start C:\Users\Administrator\AppData\Roaming\360se6\Application\360se.exe www.baidu.com/s?wd=String searchSource ="百度";
2020-12-31 at 18:24:41 CST INFO  org.jingjing.Ping 14 ping - cmd /c start cmd.exe /k   ping String searchSource ="百度";
2020-12-31 at 18:25:03 CST INFO  org.jingjing.action.search.Baidu 18 search - 360
2020-12-31 at 18:25:03 CST INFO  org.jingjing.action.search.Baidu 25 search - cmd /c start C:\Users\Administrator\AppData\Roaming\360se6\Application\360se.exe www.baidu.com/s?wd=中的名词
2020-12-31 at 18:58:37 CST INFO  org.jingjing.action.search.Baidu 18 search - 360
2020-12-31 at 18:58:37 CST INFO  org.jingjing.action.search.Baidu 25 search - cmd /c start C:\Users\Administrator\AppData\Roaming\360se6\Application\360se.exe www.baidu.com/s?wd=mousePressed
2020-12-31 at 18:58:40 CST INFO  org.jingjing.Ping 14 ping - cmd /c start cmd.exe /k   ping mousePressed
